2024-11-6 15:24:56-debug: start **** info
2024-11-6 15:24:57-log: Cannot access game frame or container.
2024-11-6 15:24:57-debug: asset-db:require-engine-code (1296ms)
2024-11-6 15:24:58-log: meshopt wasm decoder initialized
2024-11-6 15:24:58-log: [box2d]:box2d wasm lib loaded.
2024-11-6 15:24:58-log: [bullet]:bullet wasm lib loaded.
2024-11-6 15:24:58-log: Cocos Creator v3.8.4
2024-11-6 15:24:58-log: Forward render pipeline initialized.
2024-11-6 15:24:58-debug: [Assets Memory track]: asset-db:worker-init: initEngine start:28.85MB, end 81.29MB, increase: 52.45MB
2024-11-6 15:24:58-debug: [Assets Memory track]: asset-db-plugin-register: programming start:82.08MB, end 85.50MB, increase: 3.42MB
2024-11-6 15:25:00-debug: [Assets Memory track]: asset-db-plugin-register: builder start:85.53MB, end 170.37MB, increase: 84.84MB
2024-11-6 15:25:00-debug: [Assets Memory track]: asset-db-plugin-register: project start:81.95MB, end 173.76MB, increase: 91.81MB
2024-11-6 15:24:58-log: Using legacy pipeline
2024-11-6 15:25:00-debug: [Assets Memory track]: asset-db:worker-init: initPlugin start:81.31MB, end 173.79MB, increase: 92.48MB
2024-11-6 15:25:00-debug: [Assets Memory track]: asset-db-plugin-register: engine-extends start:170.60MB, end 173.69MB, increase: 3.09MB
2024-11-6 15:25:00-debug: asset-db:worker-init: initPlugin (2262ms)
2024-11-6 15:25:00-debug: [Assets Memory track]: asset-db:worker-init start:28.84MB, end 173.88MB, increase: 145.04MB
2024-11-6 15:25:00-debug: Run asset db hook programming:beforePreStart success!
2024-11-6 15:25:00-debug: Run asset db hook programming:beforePreStart ...
2024-11-6 15:25:00-debug: Run asset db hook engine-extends:beforePreStart success!
2024-11-6 15:25:00-debug: Run asset db hook engine-extends:beforePreStart ...
2024-11-6 15:25:01-debug: asset-db:worker-init (4419ms)
2024-11-6 15:25:01-debug: asset-db-hook-programming-beforePreStart (135ms)
2024-11-6 15:25:01-debug: asset-db-hook-engine-extends-beforePreStart (135ms)
2024-11-6 15:25:01-debug: Preimport db internal success
2024-11-6 15:25:01-debug: %cImport%c: D:\program\cocos\project\FlappyBird\assets\scripts\Bird.tsbackground: #aaff85; color: #000;color: #000;
2024-11-6 15:25:01-debug: Preimport db assets success
2024-11-6 15:25:01-debug: Run asset db hook programming:afterPreStart ...
2024-11-6 15:25:01-debug: starting packer-driver...
2024-11-6 15:25:02-debug: initialize scripting environment...
2024-11-6 15:25:02-debug: Set detail map pack:///resolution-detail-map.json: {}
2024-11-6 15:25:02-debug: Run asset db hook programming:afterPreStart success!
2024-11-6 15:25:02-debug: Run asset db hook engine-extends:afterPreStart ...
2024-11-6 15:25:02-debug: Run asset db hook engine-extends:afterPreStart success!
2024-11-6 15:25:02-debug: Start up the 'internal' database...
2024-11-6 15:25:03-debug: asset-db-hook-programming-afterPreStart (1772ms)
2024-11-6 15:25:03-debug: asset-db:worker-effect-data-processing (872ms)
2024-11-6 15:25:03-debug: asset-db-hook-engine-extends-afterPreStart (872ms)
2024-11-6 15:25:03-debug: [Assets Memory track]: asset-db:worker-startup-database[internal] start:173.99MB, end 186.48MB, increase: 12.49MB
2024-11-6 15:25:03-debug: Start up the 'assets' database...
2024-11-6 15:25:03-debug: asset-db:worker-startup-database[internal] (2297ms)
2024-11-6 15:25:03-debug: [Assets Memory track]: asset-db:worker-startup-database[assets] start:173.26MB, end 187.07MB, increase: 13.81MB
2024-11-6 15:25:03-debug: [Assets Memory track]: asset-db:worker-init: startup start:174.46MB, end 187.09MB, increase: 12.63MB
2024-11-6 15:25:03-debug: lazy register asset handler *
2024-11-6 15:25:03-debug: lazy register asset handler directory
2024-11-6 15:25:03-debug: lazy register asset handler text
2024-11-6 15:25:03-debug: lazy register asset handler json
2024-11-6 15:25:03-debug: lazy register asset handler spine-data
2024-11-6 15:25:03-debug: lazy register asset handler dragonbones
2024-11-6 15:25:03-debug: lazy register asset handler dragonbones-atlas
2024-11-6 15:25:03-debug: lazy register asset handler terrain
2024-11-6 15:25:03-debug: lazy register asset handler typescript
2024-11-6 15:25:03-debug: lazy register asset handler prefab
2024-11-6 15:25:03-debug: lazy register asset handler sprite-frame
2024-11-6 15:25:03-debug: lazy register asset handler tiled-map
2024-11-6 15:25:03-debug: lazy register asset handler buffer
2024-11-6 15:25:03-debug: lazy register asset handler image
2024-11-6 15:25:03-debug: lazy register asset handler sign-image
2024-11-6 15:25:03-debug: lazy register asset handler alpha-image
2024-11-6 15:25:03-debug: lazy register asset handler texture
2024-11-6 15:25:03-debug: lazy register asset handler texture-cube
2024-11-6 15:25:03-debug: lazy register asset handler erp-texture-cube
2024-11-6 15:25:03-debug: lazy register asset handler render-texture
2024-11-6 15:25:03-debug: lazy register asset handler texture-cube-face
2024-11-6 15:25:03-debug: lazy register asset handler rt-sprite-frame
2024-11-6 15:25:03-debug: lazy register asset handler javascript
2024-11-6 15:25:03-debug: lazy register asset handler gltf
2024-11-6 15:25:03-debug: lazy register asset handler gltf-mesh
2024-11-6 15:25:03-debug: lazy register asset handler gltf-animation
2024-11-6 15:25:03-debug: lazy register asset handler gltf-skeleton
2024-11-6 15:25:03-debug: lazy register asset handler gltf-scene
2024-11-6 15:25:03-debug: lazy register asset handler gltf-embeded-image
2024-11-6 15:25:03-debug: lazy register asset handler fbx
2024-11-6 15:25:03-debug: lazy register asset handler scene
2024-11-6 15:25:03-debug: lazy register asset handler material
2024-11-6 15:25:03-debug: lazy register asset handler gltf-material
2024-11-6 15:25:03-debug: lazy register asset handler effect
2024-11-6 15:25:03-debug: lazy register asset handler effect-header
2024-11-6 15:25:03-debug: lazy register asset handler audio-clip
2024-11-6 15:25:03-debug: lazy register asset handler animation-clip
2024-11-6 15:25:03-debug: lazy register asset handler animation-graph
2024-11-6 15:25:03-debug: lazy register asset handler animation-mask
2024-11-6 15:25:03-debug: lazy register asset handler physics-material
2024-11-6 15:25:03-debug: lazy register asset handler bitmap-font
2024-11-6 15:25:03-debug: lazy register asset handler ttf-font
2024-11-6 15:25:03-debug: lazy register asset handler particle
2024-11-6 15:25:03-debug: lazy register asset handler animation-graph-variant
2024-11-6 15:25:03-debug: lazy register asset handler label-atlas
2024-11-6 15:25:03-debug: lazy register asset handler auto-atlas
2024-11-6 15:25:03-debug: lazy register asset handler render-stage
2024-11-6 15:25:03-debug: lazy register asset handler render-pipeline
2024-11-6 15:25:03-debug: lazy register asset handler instantiation-material
2024-11-6 15:25:03-debug: lazy register asset handler render-flow
2024-11-6 15:25:03-debug: lazy register asset handler instantiation-mesh
2024-11-6 15:25:03-debug: lazy register asset handler instantiation-skeleton
2024-11-6 15:25:03-debug: lazy register asset handler instantiation-animation
2024-11-6 15:25:03-debug: lazy register asset handler video-clip
2024-11-6 15:25:03-debug: lazy register asset handler sprite-atlas
2024-11-6 15:25:03-debug: asset-db:worker-startup-database[assets] (2018ms)
2024-11-6 15:25:03-debug: asset-db:start-database (2383ms)
2024-11-6 15:25:03-debug: asset-db:ready (11137ms)
2024-11-6 15:25:03-debug: init worker message success
2024-11-6 15:25:04-debug: [Build Memory track]: builder:worker-init start:185.51MB, end 194.32MB, increase: 8.81MB
2024-11-6 15:25:04-debug: programming:execute-script (8ms)
2024-11-6 15:25:04-debug: builder:worker-init (788ms)
2024-11-6 15:25:23-debug: refresh db internal success
2024-11-6 15:25:23-debug: refresh db assets success
2024-11-6 15:25:23-debug: Run asset db hook engine-extends:afterRefresh ...
2024-11-6 15:25:23-debug: Run asset db hook engine-extends:afterRefresh success!
2024-11-6 15:25:23-debug: asset-db:refresh-all-database (81ms)
2024-11-6 15:25:23-debug: asset-db:worker-effect-data-processing (1ms)
2024-11-6 15:25:23-debug: asset-db-hook-engine-extends-afterRefresh (1ms)
2024-11-6 15:25:43-debug: refresh db internal success
2024-11-6 15:25:43-debug: refresh db assets success
2024-11-6 15:25:43-debug: Run asset db hook engine-extends:afterRefresh ...
2024-11-6 15:25:43-debug: Run asset db hook engine-extends:afterRefresh success!
2024-11-6 15:25:43-debug: asset-db:refresh-all-database (81ms)
2024-11-6 15:25:43-debug: asset-db-hook-engine-extends-afterRefresh (1ms)
2024-11-6 15:25:45-debug: refresh db internal success
2024-11-6 15:25:45-debug: refresh db assets success
2024-11-6 15:25:45-debug: Run asset db hook engine-extends:afterRefresh ...
2024-11-6 15:25:45-debug: Run asset db hook engine-extends:afterRefresh success!
2024-11-6 15:25:45-debug: asset-db:refresh-all-database (86ms)
2024-11-6 15:28:21-debug: refresh db internal success
2024-11-6 15:28:21-debug: refresh db assets success
2024-11-6 15:28:21-debug: Run asset db hook engine-extends:afterRefresh success!
2024-11-6 15:28:21-debug: Run asset db hook engine-extends:afterRefresh ...
2024-11-6 15:28:21-debug: asset-db:refresh-all-database (80ms)
2024-11-6 15:28:21-debug: asset-db:worker-effect-data-processing (1ms)
2024-11-6 15:28:21-debug: asset-db-hook-engine-extends-afterRefresh (1ms)
2024-11-6 15:28:28-debug: refresh db internal success
2024-11-6 15:28:28-debug: refresh db assets success
2024-11-6 15:28:28-debug: Run asset db hook engine-extends:afterRefresh ...
2024-11-6 15:28:28-debug: Run asset db hook engine-extends:afterRefresh success!
2024-11-6 15:28:28-debug: asset-db:refresh-all-database (83ms)
2024-11-6 15:28:28-debug: asset-db:worker-effect-data-processing (1ms)
2024-11-6 15:28:28-debug: asset-db-hook-engine-extends-afterRefresh (1ms)
2024-11-6 15:40:38-debug: refresh db internal success
2024-11-6 15:40:38-debug: refresh db assets success
2024-11-6 15:40:38-debug: Run asset db hook engine-extends:afterRefresh success!
2024-11-6 15:40:38-debug: Run asset db hook engine-extends:afterRefresh ...
2024-11-6 15:40:38-debug: asset-db:refresh-all-database (93ms)
2024-11-6 15:40:38-debug: asset-db:worker-effect-data-processing (1ms)
2024-11-6 15:40:38-debug: asset-db-hook-engine-extends-afterRefresh (1ms)
2024-11-6 15:43:02-debug: refresh db internal success
2024-11-6 15:43:02-debug: refresh db assets success
2024-11-6 15:43:02-debug: Run asset db hook engine-extends:afterRefresh ...
2024-11-6 15:43:02-debug: Run asset db hook engine-extends:afterRefresh success!
2024-11-6 15:43:02-debug: asset-db:refresh-all-database (73ms)
2024-11-6 15:43:02-debug: asset-db-hook-engine-extends-afterRefresh (1ms)
2024-11-6 15:43:02-debug: asset-db:worker-effect-data-processing (1ms)
2024-11-6 15:43:13-debug: refresh db internal success
2024-11-6 15:43:13-debug: refresh db assets success
2024-11-6 15:43:13-debug: Run asset db hook engine-extends:afterRefresh ...
2024-11-6 15:43:13-debug: Run asset db hook engine-extends:afterRefresh success!
2024-11-6 15:43:13-debug: asset-db:refresh-all-database (66ms)
2024-11-6 15:43:13-debug: asset-db:worker-effect-data-processing (1ms)
2024-11-6 15:43:13-debug: asset-db-hook-engine-extends-afterRefresh (1ms)
2024-11-6 15:43:18-debug: refresh db internal success
2024-11-6 15:43:18-debug: refresh db assets success
2024-11-6 15:43:18-debug: Run asset db hook engine-extends:afterRefresh ...
2024-11-6 15:43:18-debug: Run asset db hook engine-extends:afterRefresh success!
2024-11-6 15:43:18-debug: asset-db:refresh-all-database (72ms)
2024-11-6 15:43:18-debug: asset-db:worker-effect-data-processing (2ms)
2024-11-6 15:43:18-debug: asset-db-hook-engine-extends-afterRefresh (3ms)
2024-11-6 15:46:25-debug: refresh db internal success
2024-11-6 15:46:25-debug: refresh db assets success
2024-11-6 15:46:25-debug: Run asset db hook engine-extends:afterRefresh ...
2024-11-6 15:46:25-debug: Run asset db hook engine-extends:afterRefresh success!
2024-11-6 15:46:25-debug: asset-db:refresh-all-database (73ms)
2024-11-6 15:46:25-debug: asset-db:worker-effect-data-processing (1ms)
2024-11-6 15:46:25-debug: asset-db-hook-engine-extends-afterRefresh (1ms)
2024-11-6 15:48:53-debug: refresh db internal success
2024-11-6 15:48:53-debug: refresh db assets success
2024-11-6 15:48:53-debug: Run asset db hook engine-extends:afterRefresh ...
2024-11-6 15:48:53-debug: Run asset db hook engine-extends:afterRefresh success!
2024-11-6 15:48:53-debug: asset-db:refresh-all-database (66ms)
2024-11-6 15:48:53-debug: asset-db-hook-engine-extends-afterRefresh (1ms)
2024-11-6 15:48:58-debug: refresh db internal success
2024-11-6 15:48:58-debug: refresh db assets success
2024-11-6 15:48:58-debug: Run asset db hook engine-extends:afterRefresh ...
2024-11-6 15:48:58-debug: Run asset db hook engine-extends:afterRefresh success!
2024-11-6 15:48:58-debug: asset-db:refresh-all-database (64ms)
2024-11-6 15:48:58-debug: asset-db:worker-effect-data-processing (1ms)
2024-11-6 15:48:58-debug: asset-db-hook-engine-extends-afterRefresh (2ms)
2024-11-6 16:06:41-debug: refresh db internal success
2024-11-6 16:06:41-debug: refresh db assets success
2024-11-6 16:06:41-debug: Run asset db hook engine-extends:afterRefresh ...
2024-11-6 16:06:41-debug: Run asset db hook engine-extends:afterRefresh success!
2024-11-6 16:06:41-debug: asset-db:refresh-all-database (61ms)
2024-11-6 16:06:41-debug: asset-db-hook-engine-extends-afterRefresh (1ms)
2024-11-6 16:11:20-debug: refresh db internal success
2024-11-6 16:11:20-debug: refresh db assets success
2024-11-6 16:11:20-debug: Run asset db hook engine-extends:afterRefresh ...
2024-11-6 16:11:20-debug: Run asset db hook engine-extends:afterRefresh success!
2024-11-6 16:11:20-debug: asset-db:refresh-all-database (128ms)
2024-11-6 16:11:20-debug: asset-db-hook-engine-extends-afterRefresh (1ms)
2024-11-6 16:18:12-debug: refresh db internal success
2024-11-6 16:18:12-debug: refresh db assets success
2024-11-6 16:18:12-debug: Run asset db hook engine-extends:afterRefresh ...
2024-11-6 16:18:12-debug: Run asset db hook engine-extends:afterRefresh success!
2024-11-6 16:18:12-debug: asset-db:refresh-all-database (68ms)
2024-11-6 16:18:12-debug: asset-db:worker-effect-data-processing (1ms)
2024-11-6 16:18:12-debug: asset-db-hook-engine-extends-afterRefresh (1ms)
2024-11-6 16:18:34-debug: refresh db internal success
2024-11-6 16:18:34-debug: refresh db assets success
2024-11-6 16:18:34-debug: Run asset db hook engine-extends:afterRefresh ...
2024-11-6 16:18:34-debug: Run asset db hook engine-extends:afterRefresh success!
2024-11-6 16:18:34-debug: asset-db:refresh-all-database (69ms)
2024-11-6 16:18:34-debug: asset-db:worker-effect-data-processing (1ms)
2024-11-6 16:18:34-debug: asset-db-hook-engine-extends-afterRefresh (1ms)
2024-11-6 16:19:23-debug: refresh db internal success
2024-11-6 16:19:23-debug: refresh db assets success
2024-11-6 16:19:23-debug: Run asset db hook engine-extends:afterRefresh ...
2024-11-6 16:19:23-debug: Run asset db hook engine-extends:afterRefresh success!
2024-11-6 16:19:23-debug: asset-db:refresh-all-database (71ms)
2024-11-6 16:19:23-debug: asset-db:worker-effect-data-processing (1ms)
2024-11-6 16:19:23-debug: asset-db-hook-engine-extends-afterRefresh (2ms)
2024-11-6 16:23:38-debug: refresh db internal success
2024-11-6 16:23:38-debug: refresh db assets success
2024-11-6 16:23:38-debug: Run asset db hook engine-extends:afterRefresh success!
2024-11-6 16:23:38-debug: Run asset db hook engine-extends:afterRefresh ...
2024-11-6 16:23:38-debug: asset-db:refresh-all-database (87ms)
2024-11-6 16:23:38-debug: asset-db:worker-effect-data-processing (1ms)
2024-11-6 16:23:38-debug: asset-db-hook-engine-extends-afterRefresh (2ms)
2024-11-6 16:24:16-debug: refresh db internal success
2024-11-6 16:24:16-debug: refresh db assets success
2024-11-6 16:24:16-debug: Run asset db hook engine-extends:afterRefresh ...
2024-11-6 16:24:16-debug: Run asset db hook engine-extends:afterRefresh success!
2024-11-6 16:24:16-debug: asset-db:refresh-all-database (96ms)
2024-11-6 16:24:16-debug: asset-db-hook-engine-extends-afterRefresh (1ms)
2024-11-6 16:36:02-debug: refresh db internal success
2024-11-6 16:36:02-debug: refresh db assets success
2024-11-6 16:36:02-debug: Run asset db hook engine-extends:afterRefresh ...
2024-11-6 16:36:02-debug: Run asset db hook engine-extends:afterRefresh success!
2024-11-6 16:36:02-debug: asset-db:refresh-all-database (75ms)
2024-11-6 16:36:02-debug: asset-db:worker-effect-data-processing (1ms)
2024-11-6 16:36:02-debug: asset-db-hook-engine-extends-afterRefresh (2ms)
2024-11-6 16:36:45-debug: refresh db internal success
2024-11-6 16:36:45-debug: refresh db assets success
2024-11-6 16:36:45-debug: Run asset db hook engine-extends:afterRefresh success!
2024-11-6 16:36:45-debug: Run asset db hook engine-extends:afterRefresh ...
2024-11-6 16:36:45-debug: asset-db:refresh-all-database (71ms)
2024-11-6 16:36:45-debug: asset-db:worker-effect-data-processing (1ms)
2024-11-6 16:36:45-debug: asset-db-hook-engine-extends-afterRefresh (1ms)
2024-11-6 16:41:12-debug: refresh db internal success
2024-11-6 16:41:12-debug: refresh db assets success
2024-11-6 16:41:12-debug: Run asset db hook engine-extends:afterRefresh success!
2024-11-6 16:41:12-debug: Run asset db hook engine-extends:afterRefresh ...
2024-11-6 16:41:12-debug: asset-db:refresh-all-database (72ms)
2024-11-6 16:41:12-debug: asset-db:worker-effect-data-processing (1ms)
2024-11-6 16:41:12-debug: asset-db-hook-engine-extends-afterRefresh (1ms)
2024-11-6 17:13:53-debug: refresh db internal success
2024-11-6 17:13:53-debug: refresh db assets success
2024-11-6 17:13:53-debug: Run asset db hook engine-extends:afterRefresh success!
2024-11-6 17:13:53-debug: Run asset db hook engine-extends:afterRefresh ...
2024-11-6 17:13:53-debug: asset-db:refresh-all-database (74ms)
2024-11-6 17:13:53-debug: asset-db:worker-effect-data-processing (1ms)
2024-11-6 17:13:53-debug: asset-db-hook-engine-extends-afterRefresh (1ms)
2024-11-6 17:17:06-debug: refresh db internal success
2024-11-6 17:17:06-debug: refresh db assets success
2024-11-6 17:17:06-debug: Run asset db hook engine-extends:afterRefresh ...
2024-11-6 17:17:06-debug: Run asset db hook engine-extends:afterRefresh success!
2024-11-6 17:17:06-debug: asset-db:refresh-all-database (234ms)
2024-11-6 17:17:06-debug: asset-db:worker-effect-data-processing (2ms)
2024-11-6 17:17:06-debug: asset-db-hook-engine-extends-afterRefresh (3ms)
2024-11-6 17:18:50-debug: refresh db internal success
2024-11-6 17:18:50-debug: refresh db assets success
2024-11-6 17:18:50-debug: Run asset db hook engine-extends:afterRefresh ...
2024-11-6 17:18:50-debug: Run asset db hook engine-extends:afterRefresh success!
2024-11-6 17:18:50-debug: asset-db:refresh-all-database (113ms)
2024-11-6 17:18:50-debug: asset-db-hook-engine-extends-afterRefresh (1ms)
2024-11-6 17:20:01-debug: refresh db internal success
2024-11-6 17:20:01-debug: refresh db assets success
2024-11-6 17:20:01-debug: Run asset db hook engine-extends:afterRefresh ...
2024-11-6 17:20:01-debug: Run asset db hook engine-extends:afterRefresh success!
2024-11-6 17:20:01-debug: asset-db:refresh-all-database (204ms)
2024-11-6 17:20:01-debug: asset-db:worker-effect-data-processing (2ms)
2024-11-6 17:20:01-debug: asset-db-hook-engine-extends-afterRefresh (3ms)
2024-11-6 17:20:50-debug: refresh db internal success
2024-11-6 17:20:50-debug: refresh db assets success
2024-11-6 17:20:50-debug: Run asset db hook engine-extends:afterRefresh success!
2024-11-6 17:20:50-debug: Run asset db hook engine-extends:afterRefresh ...
2024-11-6 17:20:50-debug: asset-db:refresh-all-database (160ms)
2024-11-6 17:20:50-debug: asset-db:worker-effect-data-processing (3ms)
2024-11-6 17:20:50-debug: asset-db-hook-engine-extends-afterRefresh (3ms)
2024-11-6 17:20:51-debug: refresh db internal success
2024-11-6 17:20:52-debug: refresh db assets success
2024-11-6 17:20:52-debug: Run asset db hook engine-extends:afterRefresh ...
2024-11-6 17:20:52-debug: Run asset db hook engine-extends:afterRefresh success!
2024-11-6 17:20:52-debug: asset-db:refresh-all-database (317ms)
2024-11-6 17:20:52-debug: asset-db:worker-effect-data-processing (3ms)
2024-11-6 17:20:52-debug: asset-db-hook-engine-extends-afterRefresh (4ms)
2024-11-6 17:22:02-debug: refresh db internal success
2024-11-6 17:22:02-debug: refresh db assets success
2024-11-6 17:22:02-debug: Run asset db hook engine-extends:afterRefresh ...
2024-11-6 17:22:02-debug: Run asset db hook engine-extends:afterRefresh success!
2024-11-6 17:22:02-debug: asset-db:refresh-all-database (66ms)
2024-11-6 17:22:02-debug: asset-db:worker-effect-data-processing (1ms)
2024-11-6 17:22:02-debug: asset-db-hook-engine-extends-afterRefresh (1ms)
2024-11-6 17:22:17-debug: refresh db internal success
2024-11-6 17:22:17-debug: refresh db assets success
2024-11-6 17:22:17-debug: Run asset db hook engine-extends:afterRefresh ...
2024-11-6 17:22:17-debug: Run asset db hook engine-extends:afterRefresh success!
2024-11-6 17:22:17-debug: asset-db:refresh-all-database (61ms)
2024-11-6 17:22:17-debug: asset-db:worker-effect-data-processing (1ms)
2024-11-6 17:22:17-debug: asset-db-hook-engine-extends-afterRefresh (1ms)
2024-11-6 17:22:26-debug: refresh db internal success
2024-11-6 17:22:26-debug: refresh db assets success
2024-11-6 17:22:26-debug: Run asset db hook engine-extends:afterRefresh ...
2024-11-6 17:22:26-debug: Run asset db hook engine-extends:afterRefresh success!
2024-11-6 17:22:26-debug: asset-db:refresh-all-database (62ms)
2024-11-6 17:22:26-debug: asset-db:worker-effect-data-processing (1ms)
2024-11-6 17:22:26-debug: asset-db-hook-engine-extends-afterRefresh (1ms)
2024-11-6 17:23:55-debug: refresh db internal success
2024-11-6 17:23:55-debug: refresh db assets success
2024-11-6 17:23:55-debug: Run asset db hook engine-extends:afterRefresh success!
2024-11-6 17:23:55-debug: Run asset db hook engine-extends:afterRefresh ...
2024-11-6 17:23:55-debug: asset-db:refresh-all-database (123ms)
2024-11-6 17:23:55-debug: asset-db:worker-effect-data-processing (3ms)
2024-11-6 17:23:55-debug: asset-db-hook-engine-extends-afterRefresh (9ms)
2024-11-6 17:44:28-debug: refresh db internal success
2024-11-6 17:44:28-debug: refresh db assets success
2024-11-6 17:44:28-debug: Run asset db hook engine-extends:afterRefresh ...
2024-11-6 17:44:28-debug: Run asset db hook engine-extends:afterRefresh success!
2024-11-6 17:44:28-debug: asset-db:refresh-all-database (82ms)
2024-11-6 17:44:28-debug: asset-db-hook-engine-extends-afterRefresh (1ms)
