2024-11-7 14:49:37-debug: start **** info
2024-11-7 14:49:38-log: Cannot access game frame or container.
2024-11-7 14:49:39-debug: asset-db:require-engine-code (2245ms)
2024-11-7 14:49:39-log: meshopt wasm decoder initialized
2024-11-7 14:49:40-log: [box2d]:box2d wasm lib loaded.
2024-11-7 14:49:40-log: [bullet]:bullet wasm lib loaded.
2024-11-7 14:49:40-log: Cocos Creator v3.8.4
2024-11-7 14:49:40-log: Using legacy pipeline
2024-11-7 14:49:40-log: Forward render pipeline initialized.
2024-11-7 14:49:41-debug: [Assets Memory track]: asset-db-plugin-register: programming start:82.25MB, end 85.73MB, increase: 3.48MB
2024-11-7 14:49:40-debug: [Assets Memory track]: asset-db:worker-init: initEngine start:28.96MB, end 81.52MB, increase: 52.56MB
2024-11-7 14:49:43-debug: [Assets Memory track]: asset-db-plugin-register: builder start:85.76MB, end 170.56MB, increase: 84.80MB
2024-11-7 14:49:44-debug: [Assets Memory track]: asset-db-plugin-register: project start:82.12MB, end 174.04MB, increase: 91.92MB
2024-11-7 14:49:44-debug: [Assets Memory track]: asset-db:worker-init: initPlugin start:81.53MB, end 174.07MB, increase: 92.53MB
2024-11-7 14:49:44-debug: [Assets Memory track]: asset-db-plugin-register: engine-extends start:170.79MB, end 173.97MB, increase: 3.17MB
2024-11-7 14:49:44-debug: asset-db:worker-init: initPlugin (3654ms)
2024-11-7 14:49:44-debug: [Assets Memory track]: asset-db:worker-init start:28.95MB, end 174.20MB, increase: 145.24MB
2024-11-7 14:49:44-debug: Run asset db hook engine-extends:beforePreStart ...
2024-11-7 14:49:44-debug: Run asset db hook programming:beforePreStart success!
2024-11-7 14:49:44-debug: Run asset db hook engine-extends:beforePreStart success!
2024-11-7 14:49:44-debug: Run asset db hook programming:beforePreStart ...
2024-11-7 14:49:44-debug: asset-db:worker-init (6826ms)
2024-11-7 14:49:44-debug: asset-db-hook-engine-extends-beforePreStart (260ms)
2024-11-7 14:49:44-debug: asset-db-hook-programming-beforePreStart (261ms)
2024-11-7 14:49:44-debug: Preimport db internal success
2024-11-7 14:49:44-debug: Run asset db hook programming:afterPreStart ...
2024-11-7 14:49:44-debug: starting packer-driver...
2024-11-7 14:49:44-debug: Preimport db assets success
2024-11-7 14:49:45-debug: initialize scripting environment...
2024-11-7 14:49:45-debug: Set detail map pack:///resolution-detail-map.json: {}
2024-11-7 14:49:45-debug: Run asset db hook programming:afterPreStart success!
2024-11-7 14:49:45-debug: Start up the 'internal' database...
2024-11-7 14:49:45-debug: Run asset db hook engine-extends:afterPreStart ...
2024-11-7 14:49:45-debug: Run asset db hook engine-extends:afterPreStart success!
2024-11-7 14:49:46-debug: asset-db-hook-programming-afterPreStart (1768ms)
2024-11-7 14:49:46-debug: asset-db:worker-effect-data-processing (1015ms)
2024-11-7 14:49:46-debug: asset-db-hook-engine-extends-afterPreStart (1015ms)
2024-11-7 14:49:46-debug: [Assets Memory track]: asset-db:worker-startup-database[internal] start:174.30MB, end 186.42MB, increase: 12.11MB
2024-11-7 14:49:46-debug: asset-db:worker-startup-database[internal] (2517ms)
2024-11-7 14:49:46-debug: Start up the 'assets' database...
2024-11-7 14:49:46-debug: [Assets Memory track]: asset-db:worker-startup-database[assets] start:173.31MB, end 186.99MB, increase: 13.68MB
2024-11-7 14:49:46-debug: lazy register asset handler *
2024-11-7 14:49:46-debug: [Assets Memory track]: asset-db:worker-init: startup start:174.35MB, end 187.01MB, increase: 12.66MB
2024-11-7 14:49:46-debug: lazy register asset handler json
2024-11-7 14:49:46-debug: lazy register asset handler directory
2024-11-7 14:49:46-debug: lazy register asset handler spine-data
2024-11-7 14:49:46-debug: lazy register asset handler dragonbones-atlas
2024-11-7 14:49:46-debug: lazy register asset handler dragonbones
2024-11-7 14:49:46-debug: lazy register asset handler text
2024-11-7 14:49:46-debug: lazy register asset handler javascript
2024-11-7 14:49:46-debug: lazy register asset handler typescript
2024-11-7 14:49:46-debug: lazy register asset handler terrain
2024-11-7 14:49:46-debug: lazy register asset handler sprite-frame
2024-11-7 14:49:46-debug: lazy register asset handler tiled-map
2024-11-7 14:49:46-debug: lazy register asset handler prefab
2024-11-7 14:49:46-debug: lazy register asset handler image
2024-11-7 14:49:46-debug: lazy register asset handler buffer
2024-11-7 14:49:46-debug: lazy register asset handler sign-image
2024-11-7 14:49:46-debug: lazy register asset handler alpha-image
2024-11-7 14:49:46-debug: lazy register asset handler texture-cube
2024-11-7 14:49:46-debug: lazy register asset handler erp-texture-cube
2024-11-7 14:49:46-debug: lazy register asset handler texture-cube-face
2024-11-7 14:49:46-debug: lazy register asset handler rt-sprite-frame
2024-11-7 14:49:46-debug: lazy register asset handler gltf
2024-11-7 14:49:46-debug: lazy register asset handler render-texture
2024-11-7 14:49:46-debug: lazy register asset handler gltf-mesh
2024-11-7 14:49:46-debug: lazy register asset handler gltf-skeleton
2024-11-7 14:49:46-debug: lazy register asset handler gltf-animation
2024-11-7 14:49:46-debug: lazy register asset handler scene
2024-11-7 14:49:46-debug: lazy register asset handler gltf-material
2024-11-7 14:49:46-debug: lazy register asset handler gltf-embeded-image
2024-11-7 14:49:46-debug: lazy register asset handler fbx
2024-11-7 14:49:46-debug: lazy register asset handler gltf-scene
2024-11-7 14:49:46-debug: lazy register asset handler physics-material
2024-11-7 14:49:46-debug: lazy register asset handler effect
2024-11-7 14:49:46-debug: lazy register asset handler texture
2024-11-7 14:49:46-debug: lazy register asset handler effect-header
2024-11-7 14:49:46-debug: lazy register asset handler animation-clip
2024-11-7 14:49:46-debug: lazy register asset handler animation-graph
2024-11-7 14:49:46-debug: lazy register asset handler material
2024-11-7 14:49:46-debug: lazy register asset handler audio-clip
2024-11-7 14:49:46-debug: lazy register asset handler animation-graph-variant
2024-11-7 14:49:46-debug: lazy register asset handler animation-mask
2024-11-7 14:49:46-debug: lazy register asset handler ttf-font
2024-11-7 14:49:46-debug: lazy register asset handler particle
2024-11-7 14:49:46-debug: lazy register asset handler bitmap-font
2024-11-7 14:49:46-debug: lazy register asset handler label-atlas
2024-11-7 14:49:46-debug: lazy register asset handler sprite-atlas
2024-11-7 14:49:46-debug: lazy register asset handler render-pipeline
2024-11-7 14:49:46-debug: lazy register asset handler render-stage
2024-11-7 14:49:46-debug: lazy register asset handler instantiation-material
2024-11-7 14:49:46-debug: lazy register asset handler instantiation-mesh
2024-11-7 14:49:46-debug: lazy register asset handler auto-atlas
2024-11-7 14:49:46-debug: lazy register asset handler instantiation-skeleton
2024-11-7 14:49:46-debug: lazy register asset handler instantiation-animation
2024-11-7 14:49:46-debug: lazy register asset handler render-flow
2024-11-7 14:49:46-debug: lazy register asset handler video-clip
2024-11-7 14:49:46-debug: asset-db:worker-startup-database[assets] (1993ms)
2024-11-7 14:49:46-debug: asset-db:start-database (2607ms)
2024-11-7 14:49:46-debug: asset-db:ready (14712ms)
2024-11-7 14:49:46-debug: init worker message success
2024-11-7 14:49:46-debug: programming:execute-script (11ms)
2024-11-7 14:49:47-debug: [Build Memory track]: builder:worker-init start:185.42MB, end 194.41MB, increase: 8.98MB
2024-11-7 14:49:47-debug: builder:worker-init (886ms)
2024-11-7 14:51:36-debug: refresh db internal success
2024-11-7 14:51:36-debug: refresh db assets success
2024-11-7 14:51:36-debug: Run asset db hook engine-extends:afterRefresh ...
2024-11-7 14:51:36-debug: Run asset db hook engine-extends:afterRefresh success!
2024-11-7 14:51:36-debug: asset-db:refresh-all-database (107ms)
2024-11-7 14:51:36-debug: asset-db:worker-effect-data-processing (2ms)
2024-11-7 14:51:36-debug: asset-db-hook-engine-extends-afterRefresh (2ms)
2024-11-7 14:52:20-debug: refresh db internal success
2024-11-7 14:52:20-debug: refresh db assets success
2024-11-7 14:52:20-debug: Run asset db hook engine-extends:afterRefresh ...
2024-11-7 14:52:20-debug: Run asset db hook engine-extends:afterRefresh success!
2024-11-7 14:52:20-debug: asset-db:refresh-all-database (199ms)
2024-11-7 14:52:20-debug: asset-db:worker-effect-data-processing (2ms)
2024-11-7 14:52:20-debug: asset-db-hook-engine-extends-afterRefresh (2ms)
2024-11-7 14:52:23-debug: refresh db internal success
2024-11-7 14:52:23-debug: refresh db assets success
2024-11-7 14:52:23-debug: Run asset db hook engine-extends:afterRefresh ...
2024-11-7 14:52:23-debug: Run asset db hook engine-extends:afterRefresh success!
2024-11-7 14:52:23-debug: asset-db:refresh-all-database (134ms)
2024-11-7 14:52:23-debug: asset-db:worker-effect-data-processing (2ms)
2024-11-7 14:52:23-debug: asset-db-hook-engine-extends-afterRefresh (5ms)
2024-11-7 14:53:53-debug: refresh db internal success
2024-11-7 14:53:53-debug: refresh db assets success
2024-11-7 14:53:53-debug: Run asset db hook engine-extends:afterRefresh ...
2024-11-7 14:53:53-debug: Run asset db hook engine-extends:afterRefresh success!
2024-11-7 14:53:53-debug: asset-db:refresh-all-database (91ms)
2024-11-7 14:53:53-debug: asset-db-hook-engine-extends-afterRefresh (1ms)
2024-11-7 14:57:51-debug: refresh db internal success
2024-11-7 14:57:51-debug: refresh db assets success
2024-11-7 14:57:51-debug: Run asset db hook engine-extends:afterRefresh ...
2024-11-7 14:57:51-debug: Run asset db hook engine-extends:afterRefresh success!
2024-11-7 14:57:51-debug: asset-db:refresh-all-database (94ms)
2024-11-7 14:57:51-debug: asset-db:worker-effect-data-processing (1ms)
2024-11-7 14:57:51-debug: asset-db-hook-engine-extends-afterRefresh (1ms)
2024-11-7 15:14:16-debug: refresh db internal success
2024-11-7 15:14:16-debug: refresh db assets success
2024-11-7 15:14:16-debug: Run asset db hook engine-extends:afterRefresh success!
2024-11-7 15:14:16-debug: Run asset db hook engine-extends:afterRefresh ...
2024-11-7 15:14:16-debug: asset-db:refresh-all-database (70ms)
2024-11-7 15:14:16-debug: asset-db-hook-engine-extends-afterRefresh (1ms)
2024-11-7 15:20:20-debug: refresh db internal success
2024-11-7 15:20:20-debug: refresh db assets success
2024-11-7 15:20:20-debug: Run asset db hook engine-extends:afterRefresh ...
2024-11-7 15:20:20-debug: Run asset db hook engine-extends:afterRefresh success!
2024-11-7 15:20:20-debug: asset-db:refresh-all-database (89ms)
2024-11-7 15:20:21-debug: asset-db-hook-engine-extends-afterRefresh (1ms)
2024-11-7 15:20:20-debug: asset-db:worker-effect-data-processing (1ms)
2024-11-7 15:21:46-debug: refresh db internal success
2024-11-7 15:21:46-debug: refresh db assets success
2024-11-7 15:21:46-debug: Run asset db hook engine-extends:afterRefresh ...
2024-11-7 15:21:46-debug: Run asset db hook engine-extends:afterRefresh success!
2024-11-7 15:21:46-debug: asset-db:refresh-all-database (78ms)
2024-11-7 15:28:49-debug: refresh db internal success
2024-11-7 15:28:49-debug: refresh db assets success
2024-11-7 15:28:49-debug: Run asset db hook engine-extends:afterRefresh ...
2024-11-7 15:28:49-debug: Run asset db hook engine-extends:afterRefresh success!
2024-11-7 15:28:49-debug: asset-db:refresh-all-database (82ms)
2024-11-7 15:28:49-debug: asset-db:worker-effect-data-processing (1ms)
2024-11-7 15:28:49-debug: asset-db-hook-engine-extends-afterRefresh (1ms)
2024-11-7 15:31:10-debug: refresh db internal success
2024-11-7 15:31:10-debug: refresh db assets success
2024-11-7 15:31:10-debug: Run asset db hook engine-extends:afterRefresh ...
2024-11-7 15:31:10-debug: Run asset db hook engine-extends:afterRefresh success!
2024-11-7 15:31:10-debug: asset-db:refresh-all-database (187ms)
2024-11-7 15:31:10-debug: asset-db:worker-effect-data-processing (6ms)
2024-11-7 15:31:10-debug: asset-db-hook-engine-extends-afterRefresh (10ms)
2024-11-7 15:32:28-debug: refresh db internal success
2024-11-7 15:32:28-debug: refresh db assets success
2024-11-7 15:32:28-debug: Run asset db hook engine-extends:afterRefresh ...
2024-11-7 15:32:28-debug: Run asset db hook engine-extends:afterRefresh success!
2024-11-7 15:32:28-debug: asset-db:refresh-all-database (79ms)
2024-11-7 15:32:28-debug: asset-db:worker-effect-data-processing (1ms)
2024-11-7 15:32:28-debug: asset-db-hook-engine-extends-afterRefresh (1ms)
2024-11-7 15:33:06-debug: refresh db internal success
2024-11-7 15:33:06-debug: refresh db assets success
2024-11-7 15:33:06-debug: Run asset db hook engine-extends:afterRefresh ...
2024-11-7 15:33:06-debug: Run asset db hook engine-extends:afterRefresh success!
2024-11-7 15:33:06-debug: asset-db:refresh-all-database (81ms)
2024-11-7 15:33:06-debug: asset-db:worker-effect-data-processing (2ms)
2024-11-7 15:33:06-debug: asset-db-hook-engine-extends-afterRefresh (2ms)
2024-11-7 15:34:32-debug: refresh db internal success
2024-11-7 15:34:32-debug: refresh db assets success
2024-11-7 15:34:32-debug: Run asset db hook engine-extends:afterRefresh ...
2024-11-7 15:34:32-debug: Run asset db hook engine-extends:afterRefresh success!
2024-11-7 15:34:32-debug: asset-db:refresh-all-database (91ms)
2024-11-7 15:34:32-debug: asset-db:worker-effect-data-processing (2ms)
2024-11-7 15:34:32-debug: asset-db-hook-engine-extends-afterRefresh (3ms)
2024-11-7 15:40:59-debug: refresh db internal success
2024-11-7 15:40:59-debug: refresh db assets success
2024-11-7 15:40:59-debug: Run asset db hook engine-extends:afterRefresh ...
2024-11-7 15:40:59-debug: Run asset db hook engine-extends:afterRefresh success!
2024-11-7 15:40:59-debug: asset-db:refresh-all-database (219ms)
2024-11-7 15:40:59-debug: asset-db:worker-effect-data-processing (2ms)
2024-11-7 15:40:59-debug: asset-db-hook-engine-extends-afterRefresh (2ms)
2024-11-7 15:42:51-debug: refresh db internal success
2024-11-7 15:42:51-debug: refresh db assets success
2024-11-7 15:42:51-debug: Run asset db hook engine-extends:afterRefresh ...
2024-11-7 15:42:51-debug: Run asset db hook engine-extends:afterRefresh success!
2024-11-7 15:42:51-debug: asset-db:refresh-all-database (81ms)
2024-11-7 15:42:51-debug: asset-db:worker-effect-data-processing (1ms)
2024-11-7 15:42:51-debug: asset-db-hook-engine-extends-afterRefresh (1ms)
2024-11-7 15:53:33-debug: refresh db internal success
2024-11-7 15:53:33-debug: refresh db assets success
2024-11-7 15:53:33-debug: Run asset db hook engine-extends:afterRefresh ...
2024-11-7 15:53:33-debug: Run asset db hook engine-extends:afterRefresh success!
2024-11-7 15:53:33-debug: asset-db:refresh-all-database (79ms)
2024-11-7 15:55:09-debug: refresh db internal success
2024-11-7 15:55:09-debug: refresh db assets success
2024-11-7 15:55:09-debug: Run asset db hook engine-extends:afterRefresh ...
2024-11-7 15:55:09-debug: Run asset db hook engine-extends:afterRefresh success!
2024-11-7 15:55:09-debug: asset-db:refresh-all-database (86ms)
2024-11-7 15:55:09-debug: asset-db:worker-effect-data-processing (1ms)
2024-11-7 15:55:09-debug: asset-db-hook-engine-extends-afterRefresh (2ms)
2024-11-7 16:08:47-debug: refresh db internal success
2024-11-7 16:08:47-debug: refresh db assets success
2024-11-7 16:08:47-debug: Run asset db hook engine-extends:afterRefresh success!
2024-11-7 16:08:47-debug: Run asset db hook engine-extends:afterRefresh ...
2024-11-7 16:08:47-debug: asset-db:refresh-all-database (84ms)
2024-11-7 16:08:47-debug: asset-db:worker-effect-data-processing (1ms)
2024-11-7 16:08:47-debug: asset-db-hook-engine-extends-afterRefresh (1ms)
2024-11-7 16:38:48-debug: refresh db internal success
2024-11-7 16:38:48-debug: refresh db assets success
2024-11-7 16:38:48-debug: Run asset db hook engine-extends:afterRefresh ...
2024-11-7 16:38:48-debug: Run asset db hook engine-extends:afterRefresh success!
2024-11-7 16:38:48-debug: asset-db:refresh-all-database (108ms)
2024-11-7 16:38:48-debug: asset-db:worker-effect-data-processing (2ms)
2024-11-7 16:38:48-debug: asset-db-hook-engine-extends-afterRefresh (2ms)
2024-11-7 17:25:59-debug: refresh db internal success
2024-11-7 17:25:59-debug: refresh db assets success
2024-11-7 17:25:59-debug: Run asset db hook engine-extends:afterRefresh ...
2024-11-7 17:25:59-debug: Run asset db hook engine-extends:afterRefresh success!
2024-11-7 17:25:59-debug: asset-db:refresh-all-database (111ms)
2024-11-7 17:25:59-debug: asset-db:worker-effect-data-processing (2ms)
2024-11-7 17:25:59-debug: asset-db-hook-engine-extends-afterRefresh (3ms)
2024-11-7 18:23:41-debug: refresh db internal success
2024-11-7 18:23:41-debug: refresh db assets success
2024-11-7 18:23:41-debug: Run asset db hook engine-extends:afterRefresh success!
2024-11-7 18:23:41-debug: Run asset db hook engine-extends:afterRefresh ...
2024-11-7 18:23:41-debug: asset-db:refresh-all-database (71ms)
2024-11-7 18:23:41-debug: asset-db:worker-effect-data-processing (1ms)
2024-11-7 18:23:41-debug: asset-db-hook-engine-extends-afterRefresh (1ms)
