09:46:17 debug: 2024/11/27上午9:46:17
09:46:17 debug: Project: D:\program\cocos\Cocos_demo2\FlappyBird
09:46:17 debug: Targets: editor,preview
09:46:17 debug: Incremental file seems great.
09:46:17 debug: Engine path: D:\program\cocos\editors\Creator\3.8.4\resources\resources\3d\engine
09:46:17 debug: Initializing target [Editor]
09:46:17 debug: Loading cache
09:46:17 debug: Loading cache costs 19.63949999999022ms.
09:46:17 debug: Engine features shipped in editor: base,gfx-webgl,gfx-webgl2,gfx-empty,gfx-webgpu,3d,animation,skeletal-animation,2d,ui,particle,particle-2d,physics-framework,physics-2d-framework,physics-2d-box2d-wasm,intersection-2d,primitive,profiler,occlusion-query,geometry-renderer,debug-renderer,audio,video,xr,light-probe,terrain,webview,tween,tiled-map,spine,dragon-bones,marionette,procedural-animation,custom-pipeline,custom-pipeline-builtin-scripts,custom-pipeline-post-process,legacy-pipeline,websocket,websocket-server,meshopt
09:46:17 debug: Our import map(foo:/bar): {
  "imports": {
    "cc": "cce:/internal/x/cc"
  }
}
09:46:17 debug: Initializing target [Preview]
09:46:17 debug: Loading cache
09:46:17 debug: Loading cache costs 14.721400000038557ms.
09:46:17 debug: Our import map(foo:/bar): {
  "imports": {
    "cc": "cce:/internal/x/cc"
  }
}
09:46:17 debug: Sync engine features: 2d,animation,audio,base,custom-pipeline,dragon-bones,gfx-webgl,gfx-webgl2,intersection-2d,particle-2d,physics-2d-box2d,profiler,spine,tiled-map,tween,ui,video,webview
09:46:17 debug: Reset databases. Enumerated domains: [
  {
    "root": "db://internal/",
    "physical": "D:\\program\\cocos\\editors\\Creator\\3.8.4\\resources\\resources\\3d\\engine\\editor\\assets"
  },
  {
    "root": "db://assets/",
    "physical": "D:\\program\\cocos\\Cocos_demo2\\FlappyBird\\assets"
  }
]
09:46:17 debug: Our import map(foo:/bar): {
  "imports": {
    "cc": "cce:/internal/x/cc",
    "db://internal/": "file:///D:/program/cocos/editors/Creator/3.8.4/resources/resources/3d/engine/editor/assets/",
    "db://assets/": "file:///D:/program/cocos/Cocos_demo2/FlappyBird/assets/"
  }
}
09:46:17 debug: Our import map(foo:/bar): {
  "imports": {
    "cc": "cce:/internal/x/cc",
    "db://internal/": "file:///D:/program/cocos/editors/Creator/3.8.4/resources/resources/3d/engine/editor/assets/",
    "db://assets/": "file:///D:/program/cocos/Cocos_demo2/FlappyBird/assets/"
  }
}
09:46:17 debug: Pulling asset-db.
09:46:17 debug: Fetch asset-db cost: 9.331499999971129ms.
09:46:17 debug: Build iteration starts.
Number of accumulated asset changes: 14
Feature changed: false
09:46:17 debug: Target(editor) build started.
09:46:17 debug: Detected change: cce:/internal/x/cc. Last mtime: Thu Jan 01 1970 08:00:08 GMT+0800 (中国标准时间), Current mtime: Thu Jan 01 1970 08:00:11 GMT+0800 (中国标准时间)
09:46:17 debug: Inspect cce:/internal/x/cc
09:46:17 debug: Resolve cce:/internal/x/cc-fu/base from cce:/internal/x/cc as external dependency cce:/internal/x/cc-fu/base.
09:46:17 debug: Resolve cce:/internal/x/cc-fu/gfx-webgl from cce:/internal/x/cc as external dependency cce:/internal/x/cc-fu/gfx-webgl.
09:46:17 debug: Resolve cce:/internal/x/cc-fu/gfx-webgl2 from cce:/internal/x/cc as external dependency cce:/internal/x/cc-fu/gfx-webgl2.
09:46:17 debug: Resolve cce:/internal/x/cc-fu/gfx-empty from cce:/internal/x/cc as external dependency cce:/internal/x/cc-fu/gfx-empty.
09:46:17 debug: Resolve cce:/internal/x/cc-fu/gfx-webgpu from cce:/internal/x/cc as external dependency cce:/internal/x/cc-fu/gfx-webgpu.
09:46:17 debug: Resolve cce:/internal/x/cc-fu/3d from cce:/internal/x/cc as external dependency cce:/internal/x/cc-fu/3d.
09:46:17 debug: Resolve cce:/internal/x/cc-fu/animation from cce:/internal/x/cc as external dependency cce:/internal/x/cc-fu/animation.
09:46:17 debug: Resolve cce:/internal/x/cc-fu/skeletal-animation from cce:/internal/x/cc as external dependency cce:/internal/x/cc-fu/skeletal-animation.
09:46:17 debug: Resolve cce:/internal/x/cc-fu/2d from cce:/internal/x/cc as external dependency cce:/internal/x/cc-fu/2d.
09:46:17 debug: Resolve cce:/internal/x/cc-fu/sorting from cce:/internal/x/cc as external dependency cce:/internal/x/cc-fu/sorting.
09:46:17 debug: Resolve cce:/internal/x/cc-fu/ui from cce:/internal/x/cc as external dependency cce:/internal/x/cc-fu/ui.
09:46:17 debug: Resolve cce:/internal/x/cc-fu/particle from cce:/internal/x/cc as external dependency cce:/internal/x/cc-fu/particle.
09:46:17 debug: Resolve cce:/internal/x/cc-fu/particle-2d from cce:/internal/x/cc as external dependency cce:/internal/x/cc-fu/particle-2d.
09:46:17 debug: Resolve cce:/internal/x/cc-fu/physics-framework from cce:/internal/x/cc as external dependency cce:/internal/x/cc-fu/physics-framework.
09:46:17 debug: Resolve cce:/internal/x/cc-fu/physics-2d-framework from cce:/internal/x/cc as external dependency cce:/internal/x/cc-fu/physics-2d-framework.
09:46:17 debug: Resolve cce:/internal/x/cc-fu/physics-2d-box2d-wasm from cce:/internal/x/cc as external dependency cce:/internal/x/cc-fu/physics-2d-box2d-wasm.
09:46:17 debug: Resolve cce:/internal/x/cc-fu/intersection-2d from cce:/internal/x/cc as external dependency cce:/internal/x/cc-fu/intersection-2d.
09:46:17 debug: Resolve cce:/internal/x/cc-fu/primitive from cce:/internal/x/cc as external dependency cce:/internal/x/cc-fu/primitive.
09:46:17 debug: Resolve cce:/internal/x/cc-fu/profiler from cce:/internal/x/cc as external dependency cce:/internal/x/cc-fu/profiler.
09:46:17 debug: Resolve cce:/internal/x/cc-fu/geometry-renderer from cce:/internal/x/cc as external dependency cce:/internal/x/cc-fu/geometry-renderer.
09:46:17 debug: Resolve cce:/internal/x/cc-fu/audio from cce:/internal/x/cc as external dependency cce:/internal/x/cc-fu/audio.
09:46:17 debug: Resolve cce:/internal/x/cc-fu/video from cce:/internal/x/cc as external dependency cce:/internal/x/cc-fu/video.
09:46:17 debug: Resolve cce:/internal/x/cc-fu/xr from cce:/internal/x/cc as external dependency cce:/internal/x/cc-fu/xr.
09:46:17 debug: Resolve cce:/internal/x/cc-fu/light-probe from cce:/internal/x/cc as external dependency cce:/internal/x/cc-fu/light-probe.
09:46:17 debug: Resolve cce:/internal/x/cc-fu/terrain from cce:/internal/x/cc as external dependency cce:/internal/x/cc-fu/terrain.
09:46:17 debug: Resolve cce:/internal/x/cc-fu/webview from cce:/internal/x/cc as external dependency cce:/internal/x/cc-fu/webview.
09:46:17 debug: Resolve cce:/internal/x/cc-fu/tween from cce:/internal/x/cc as external dependency cce:/internal/x/cc-fu/tween.
09:46:17 debug: Resolve cce:/internal/x/cc-fu/tiled-map from cce:/internal/x/cc as external dependency cce:/internal/x/cc-fu/tiled-map.
09:46:17 debug: Resolve cce:/internal/x/cc-fu/spine from cce:/internal/x/cc as external dependency cce:/internal/x/cc-fu/spine.
09:46:17 debug: Resolve cce:/internal/x/cc-fu/dragon-bones from cce:/internal/x/cc as external dependency cce:/internal/x/cc-fu/dragon-bones.
09:46:17 debug: Resolve cce:/internal/x/cc-fu/custom-pipeline from cce:/internal/x/cc as external dependency cce:/internal/x/cc-fu/custom-pipeline.
09:46:17 debug: Resolve cce:/internal/x/cc-fu/custom-pipeline-post-process from cce:/internal/x/cc as external dependency cce:/internal/x/cc-fu/custom-pipeline-post-process.
09:46:17 debug: Resolve cce:/internal/x/cc-fu/legacy-pipeline from cce:/internal/x/cc as external dependency cce:/internal/x/cc-fu/legacy-pipeline.
09:46:17 debug: Detected change: cce:/internal/x/prerequisite-imports. Last mtime: Thu Jan 01 1970 08:00:10 GMT+0800 (中国标准时间), Current mtime: Thu Jan 01 1970 08:00:11 GMT+0800 (中国标准时间)
09:46:17 debug: Inspect cce:/internal/x/prerequisite-imports
09:46:17 debug: Resolve file:///D:/program/cocos/Cocos_demo2/FlappyBird/assets/scripts/AudioMgr.ts from cce:/internal/x/prerequisite-imports as file:///D:/program/cocos/Cocos_demo2/FlappyBird/assets/scripts/AudioMgr.ts.
09:46:17 debug: Resolve cc from file:///D:/program/cocos/Cocos_demo2/FlappyBird/assets/scripts/AudioMgr.ts as cce:/internal/x/cc.
09:46:17 debug: Resolve cc from file:///D:/program/cocos/Cocos_demo2/FlappyBird/assets/scripts/AudioMgr.ts as cce:/internal/x/cc.
09:46:17 debug: Resolve cc from file:///D:/program/cocos/Cocos_demo2/FlappyBird/assets/scripts/AudioMgr.ts as cce:/internal/x/cc.
09:46:17 debug: Resolve file:///D:/program/cocos/Cocos_demo2/FlappyBird/assets/scripts/Bird.ts from cce:/internal/x/prerequisite-imports as file:///D:/program/cocos/Cocos_demo2/FlappyBird/assets/scripts/Bird.ts.
09:46:17 debug: Resolve cce:/internal/code-quality/cr.mjs from file:///D:/program/cocos/Cocos_demo2/FlappyBird/assets/scripts/Bird.ts as cce:/internal/code-quality/cr.mjs.
09:46:17 debug: Detected change: cce:/internal/code-quality/cr.mjs. Last mtime: Tue Nov 26 2024 15:06:08 GMT+0800 (中国标准时间), Current mtime: Wed Nov 27 2024 09:46:06 GMT+0800 (中国标准时间)
09:46:17 debug: Inspect cce:/internal/code-quality/cr.mjs
09:46:17 debug: Resolve cc from file:///D:/program/cocos/Cocos_demo2/FlappyBird/assets/scripts/Bird.ts as cce:/internal/x/cc.
09:46:17 debug: Resolve cc from file:///D:/program/cocos/Cocos_demo2/FlappyBird/assets/scripts/Bird.ts as cce:/internal/x/cc.
09:46:17 debug: Resolve cc from file:///D:/program/cocos/Cocos_demo2/FlappyBird/assets/scripts/Bird.ts as cce:/internal/x/cc.
09:46:17 debug: Resolve ./Tags from file:///D:/program/cocos/Cocos_demo2/FlappyBird/assets/scripts/Bird.ts as file:///D:/program/cocos/Cocos_demo2/FlappyBird/assets/scripts/Tags.ts.
09:46:17 debug: Resolve cc from file:///D:/program/cocos/Cocos_demo2/FlappyBird/assets/scripts/Tags.ts as cce:/internal/x/cc.
09:46:17 debug: Resolve cc from file:///D:/program/cocos/Cocos_demo2/FlappyBird/assets/scripts/Tags.ts as cce:/internal/x/cc.
09:46:17 debug: Resolve cc from file:///D:/program/cocos/Cocos_demo2/FlappyBird/assets/scripts/Tags.ts as cce:/internal/x/cc.
09:46:17 debug: Resolve ./GameManager from file:///D:/program/cocos/Cocos_demo2/FlappyBird/assets/scripts/Bird.ts as file:///D:/program/cocos/Cocos_demo2/FlappyBird/assets/scripts/GameManager.ts.
09:46:17 debug: Resolve cce:/internal/code-quality/cr.mjs from file:///D:/program/cocos/Cocos_demo2/FlappyBird/assets/scripts/GameManager.ts as cce:/internal/code-quality/cr.mjs.
09:46:17 debug: Resolve cc from file:///D:/program/cocos/Cocos_demo2/FlappyBird/assets/scripts/GameManager.ts as cce:/internal/x/cc.
09:46:17 debug: Resolve cc from file:///D:/program/cocos/Cocos_demo2/FlappyBird/assets/scripts/GameManager.ts as cce:/internal/x/cc.
09:46:17 debug: Resolve cc from file:///D:/program/cocos/Cocos_demo2/FlappyBird/assets/scripts/GameManager.ts as cce:/internal/x/cc.
09:46:17 debug: Resolve ./Bird from file:///D:/program/cocos/Cocos_demo2/FlappyBird/assets/scripts/GameManager.ts as file:///D:/program/cocos/Cocos_demo2/FlappyBird/assets/scripts/Bird.ts.
09:46:17 debug: Resolve ./MoveBg from file:///D:/program/cocos/Cocos_demo2/FlappyBird/assets/scripts/GameManager.ts as file:///D:/program/cocos/Cocos_demo2/FlappyBird/assets/scripts/MoveBg.ts.
09:46:17 debug: Resolve cce:/internal/code-quality/cr.mjs from file:///D:/program/cocos/Cocos_demo2/FlappyBird/assets/scripts/MoveBg.ts as cce:/internal/code-quality/cr.mjs.
09:46:17 debug: Resolve cc from file:///D:/program/cocos/Cocos_demo2/FlappyBird/assets/scripts/MoveBg.ts as cce:/internal/x/cc.
09:46:17 debug: Resolve cc from file:///D:/program/cocos/Cocos_demo2/FlappyBird/assets/scripts/MoveBg.ts as cce:/internal/x/cc.
09:46:17 debug: Resolve cc from file:///D:/program/cocos/Cocos_demo2/FlappyBird/assets/scripts/MoveBg.ts as cce:/internal/x/cc.
09:46:17 debug: Resolve ./GameManager from file:///D:/program/cocos/Cocos_demo2/FlappyBird/assets/scripts/MoveBg.ts as file:///D:/program/cocos/Cocos_demo2/FlappyBird/assets/scripts/GameManager.ts.
09:46:17 debug: Resolve ./PipeSpawner from file:///D:/program/cocos/Cocos_demo2/FlappyBird/assets/scripts/GameManager.ts as file:///D:/program/cocos/Cocos_demo2/FlappyBird/assets/scripts/PipeSpawner.ts.
09:46:17 debug: Resolve cce:/internal/code-quality/cr.mjs from file:///D:/program/cocos/Cocos_demo2/FlappyBird/assets/scripts/PipeSpawner.ts as cce:/internal/code-quality/cr.mjs.
09:46:17 debug: Resolve cc from file:///D:/program/cocos/Cocos_demo2/FlappyBird/assets/scripts/PipeSpawner.ts as cce:/internal/x/cc.
09:46:17 debug: Resolve cc from file:///D:/program/cocos/Cocos_demo2/FlappyBird/assets/scripts/PipeSpawner.ts as cce:/internal/x/cc.
09:46:17 debug: Resolve cc from file:///D:/program/cocos/Cocos_demo2/FlappyBird/assets/scripts/PipeSpawner.ts as cce:/internal/x/cc.
09:46:17 debug: Resolve ./Pipe from file:///D:/program/cocos/Cocos_demo2/FlappyBird/assets/scripts/PipeSpawner.ts as file:///D:/program/cocos/Cocos_demo2/FlappyBird/assets/scripts/Pipe.ts.
09:46:17 debug: Resolve cce:/internal/code-quality/cr.mjs from file:///D:/program/cocos/Cocos_demo2/FlappyBird/assets/scripts/Pipe.ts as cce:/internal/code-quality/cr.mjs.
09:46:17 debug: Resolve cc from file:///D:/program/cocos/Cocos_demo2/FlappyBird/assets/scripts/Pipe.ts as cce:/internal/x/cc.
09:46:17 debug: Resolve cc from file:///D:/program/cocos/Cocos_demo2/FlappyBird/assets/scripts/Pipe.ts as cce:/internal/x/cc.
09:46:17 debug: Resolve cc from file:///D:/program/cocos/Cocos_demo2/FlappyBird/assets/scripts/Pipe.ts as cce:/internal/x/cc.
09:46:17 debug: Resolve ./GameManager from file:///D:/program/cocos/Cocos_demo2/FlappyBird/assets/scripts/Pipe.ts as file:///D:/program/cocos/Cocos_demo2/FlappyBird/assets/scripts/GameManager.ts.
09:46:17 debug: Resolve ./UI/GameReadyUI from file:///D:/program/cocos/Cocos_demo2/FlappyBird/assets/scripts/GameManager.ts as file:///D:/program/cocos/Cocos_demo2/FlappyBird/assets/scripts/UI/GameReadyUI.ts.
09:46:17 debug: Resolve cce:/internal/code-quality/cr.mjs from file:///D:/program/cocos/Cocos_demo2/FlappyBird/assets/scripts/UI/GameReadyUI.ts as cce:/internal/code-quality/cr.mjs.
09:46:17 debug: Resolve cc from file:///D:/program/cocos/Cocos_demo2/FlappyBird/assets/scripts/UI/GameReadyUI.ts as cce:/internal/x/cc.
09:46:17 debug: Resolve cc from file:///D:/program/cocos/Cocos_demo2/FlappyBird/assets/scripts/UI/GameReadyUI.ts as cce:/internal/x/cc.
09:46:17 debug: Resolve cc from file:///D:/program/cocos/Cocos_demo2/FlappyBird/assets/scripts/UI/GameReadyUI.ts as cce:/internal/x/cc.
09:46:17 debug: Resolve ../GameManager from file:///D:/program/cocos/Cocos_demo2/FlappyBird/assets/scripts/UI/GameReadyUI.ts as file:///D:/program/cocos/Cocos_demo2/FlappyBird/assets/scripts/GameManager.ts.
09:46:17 debug: Resolve ./GameData from file:///D:/program/cocos/Cocos_demo2/FlappyBird/assets/scripts/GameManager.ts as file:///D:/program/cocos/Cocos_demo2/FlappyBird/assets/scripts/GameData.ts.
09:46:17 debug: Resolve cc from file:///D:/program/cocos/Cocos_demo2/FlappyBird/assets/scripts/GameData.ts as cce:/internal/x/cc.
09:46:17 debug: Resolve cc from file:///D:/program/cocos/Cocos_demo2/FlappyBird/assets/scripts/GameData.ts as cce:/internal/x/cc.
09:46:17 debug: Resolve cc from file:///D:/program/cocos/Cocos_demo2/FlappyBird/assets/scripts/GameData.ts as cce:/internal/x/cc.
09:46:17 debug: Resolve ./UI/GameOverUI from file:///D:/program/cocos/Cocos_demo2/FlappyBird/assets/scripts/GameManager.ts as file:///D:/program/cocos/Cocos_demo2/FlappyBird/assets/scripts/UI/GameOverUI.ts.
09:46:17 debug: Resolve cc from file:///D:/program/cocos/Cocos_demo2/FlappyBird/assets/scripts/UI/GameOverUI.ts as cce:/internal/x/cc.
09:46:17 debug: Resolve cc from file:///D:/program/cocos/Cocos_demo2/FlappyBird/assets/scripts/UI/GameOverUI.ts as cce:/internal/x/cc.
09:46:17 debug: Resolve cc from file:///D:/program/cocos/Cocos_demo2/FlappyBird/assets/scripts/UI/GameOverUI.ts as cce:/internal/x/cc.
09:46:17 debug: Resolve ./AudioMgr from file:///D:/program/cocos/Cocos_demo2/FlappyBird/assets/scripts/GameManager.ts as file:///D:/program/cocos/Cocos_demo2/FlappyBird/assets/scripts/AudioMgr.ts.
09:46:17 debug: Resolve ./AudioMgr from file:///D:/program/cocos/Cocos_demo2/FlappyBird/assets/scripts/Bird.ts as file:///D:/program/cocos/Cocos_demo2/FlappyBird/assets/scripts/AudioMgr.ts.
09:46:17 debug: Resolve file:///D:/program/cocos/Cocos_demo2/FlappyBird/assets/scripts/GameData.ts from cce:/internal/x/prerequisite-imports as file:///D:/program/cocos/Cocos_demo2/FlappyBird/assets/scripts/GameData.ts.
09:46:17 debug: Resolve file:///D:/program/cocos/Cocos_demo2/FlappyBird/assets/scripts/GameManager.ts from cce:/internal/x/prerequisite-imports as file:///D:/program/cocos/Cocos_demo2/FlappyBird/assets/scripts/GameManager.ts.
09:46:17 debug: Resolve file:///D:/program/cocos/Cocos_demo2/FlappyBird/assets/scripts/MoveBg.ts from cce:/internal/x/prerequisite-imports as file:///D:/program/cocos/Cocos_demo2/FlappyBird/assets/scripts/MoveBg.ts.
09:46:17 debug: Resolve file:///D:/program/cocos/Cocos_demo2/FlappyBird/assets/scripts/Pipe.ts from cce:/internal/x/prerequisite-imports as file:///D:/program/cocos/Cocos_demo2/FlappyBird/assets/scripts/Pipe.ts.
09:46:17 debug: Resolve file:///D:/program/cocos/Cocos_demo2/FlappyBird/assets/scripts/PipeSpawner.ts from cce:/internal/x/prerequisite-imports as file:///D:/program/cocos/Cocos_demo2/FlappyBird/assets/scripts/PipeSpawner.ts.
09:46:17 debug: Resolve file:///D:/program/cocos/Cocos_demo2/FlappyBird/assets/scripts/Tags.ts from cce:/internal/x/prerequisite-imports as file:///D:/program/cocos/Cocos_demo2/FlappyBird/assets/scripts/Tags.ts.
09:46:17 debug: Resolve file:///D:/program/cocos/Cocos_demo2/FlappyBird/assets/scripts/UI/GameOverUI.ts from cce:/internal/x/prerequisite-imports as file:///D:/program/cocos/Cocos_demo2/FlappyBird/assets/scripts/UI/GameOverUI.ts.
09:46:17 debug: Resolve file:///D:/program/cocos/Cocos_demo2/FlappyBird/assets/scripts/UI/GameReadyUI.ts from cce:/internal/x/prerequisite-imports as file:///D:/program/cocos/Cocos_demo2/FlappyBird/assets/scripts/UI/GameReadyUI.ts.
09:46:17 debug: Resolve file:///D:/program/cocos/editors/Creator/3.8.4/resources/resources/3d/engine/editor/assets/default_renderpipeline/builtin-pipeline-settings.ts from cce:/internal/x/prerequisite-imports as file:///D:/program/cocos/editors/Creator/3.8.4/resources/resources/3d/engine/editor/assets/default_renderpipeline/builtin-pipeline-settings.ts.
09:46:17 debug: Resolve cce:/internal/code-quality/cr.mjs from file:///D:/program/cocos/editors/Creator/3.8.4/resources/resources/3d/engine/editor/assets/default_renderpipeline/builtin-pipeline-settings.ts as cce:/internal/code-quality/cr.mjs.
09:46:17 debug: Resolve cc from file:///D:/program/cocos/editors/Creator/3.8.4/resources/resources/3d/engine/editor/assets/default_renderpipeline/builtin-pipeline-settings.ts as cce:/internal/x/cc.
09:46:17 debug: Resolve cc from file:///D:/program/cocos/editors/Creator/3.8.4/resources/resources/3d/engine/editor/assets/default_renderpipeline/builtin-pipeline-settings.ts as cce:/internal/x/cc.
09:46:17 debug: Resolve cc from file:///D:/program/cocos/editors/Creator/3.8.4/resources/resources/3d/engine/editor/assets/default_renderpipeline/builtin-pipeline-settings.ts as cce:/internal/x/cc.
09:46:17 debug: Resolve cc/env from file:///D:/program/cocos/editors/Creator/3.8.4/resources/resources/3d/engine/editor/assets/default_renderpipeline/builtin-pipeline-settings.ts as external dependency cc/env.
09:46:17 debug: Resolve ./builtin-pipeline-types from file:///D:/program/cocos/editors/Creator/3.8.4/resources/resources/3d/engine/editor/assets/default_renderpipeline/builtin-pipeline-settings.ts as file:///D:/program/cocos/editors/Creator/3.8.4/resources/resources/3d/engine/editor/assets/default_renderpipeline/builtin-pipeline-types.ts.
09:46:17 debug: Resolve cc from file:///D:/program/cocos/editors/Creator/3.8.4/resources/resources/3d/engine/editor/assets/default_renderpipeline/builtin-pipeline-types.ts as cce:/internal/x/cc.
09:46:17 debug: Resolve cc from file:///D:/program/cocos/editors/Creator/3.8.4/resources/resources/3d/engine/editor/assets/default_renderpipeline/builtin-pipeline-types.ts as cce:/internal/x/cc.
09:46:17 debug: Resolve cc from file:///D:/program/cocos/editors/Creator/3.8.4/resources/resources/3d/engine/editor/assets/default_renderpipeline/builtin-pipeline-types.ts as cce:/internal/x/cc.
09:46:17 debug: Resolve file:///D:/program/cocos/editors/Creator/3.8.4/resources/resources/3d/engine/editor/assets/default_renderpipeline/builtin-pipeline-types.ts from cce:/internal/x/prerequisite-imports as file:///D:/program/cocos/editors/Creator/3.8.4/resources/resources/3d/engine/editor/assets/default_renderpipeline/builtin-pipeline-types.ts.
09:46:17 debug: Resolve file:///D:/program/cocos/editors/Creator/3.8.4/resources/resources/3d/engine/editor/assets/default_renderpipeline/builtin-pipeline.ts from cce:/internal/x/prerequisite-imports as file:///D:/program/cocos/editors/Creator/3.8.4/resources/resources/3d/engine/editor/assets/default_renderpipeline/builtin-pipeline.ts.
09:46:17 debug: Resolve cce:/internal/code-quality/cr.mjs from file:///D:/program/cocos/editors/Creator/3.8.4/resources/resources/3d/engine/editor/assets/default_renderpipeline/builtin-pipeline.ts as cce:/internal/code-quality/cr.mjs.
09:46:17 debug: Resolve cc from file:///D:/program/cocos/editors/Creator/3.8.4/resources/resources/3d/engine/editor/assets/default_renderpipeline/builtin-pipeline.ts as cce:/internal/x/cc.
09:46:17 debug: Resolve cc from file:///D:/program/cocos/editors/Creator/3.8.4/resources/resources/3d/engine/editor/assets/default_renderpipeline/builtin-pipeline.ts as cce:/internal/x/cc.
09:46:17 debug: Resolve cc/env from file:///D:/program/cocos/editors/Creator/3.8.4/resources/resources/3d/engine/editor/assets/default_renderpipeline/builtin-pipeline.ts as external dependency cc/env.
09:46:17 debug: Resolve cc from file:///D:/program/cocos/editors/Creator/3.8.4/resources/resources/3d/engine/editor/assets/default_renderpipeline/builtin-pipeline.ts as cce:/internal/x/cc.
09:46:17 debug: Resolve ./builtin-pipeline-types from file:///D:/program/cocos/editors/Creator/3.8.4/resources/resources/3d/engine/editor/assets/default_renderpipeline/builtin-pipeline.ts as file:///D:/program/cocos/editors/Creator/3.8.4/resources/resources/3d/engine/editor/assets/default_renderpipeline/builtin-pipeline-types.ts.
09:46:17 debug: Resolve file:///D:/program/cocos/editors/Creator/3.8.4/resources/resources/3d/engine/editor/assets/tools/debug-view-runtime-control.ts from cce:/internal/x/prerequisite-imports as file:///D:/program/cocos/editors/Creator/3.8.4/resources/resources/3d/engine/editor/assets/tools/debug-view-runtime-control.ts.
09:46:17 debug: Resolve cc from file:///D:/program/cocos/editors/Creator/3.8.4/resources/resources/3d/engine/editor/assets/tools/debug-view-runtime-control.ts as cce:/internal/x/cc.
09:46:17 debug: Resolve cc from file:///D:/program/cocos/editors/Creator/3.8.4/resources/resources/3d/engine/editor/assets/tools/debug-view-runtime-control.ts as cce:/internal/x/cc.
09:46:17 debug: Resolve cc from file:///D:/program/cocos/editors/Creator/3.8.4/resources/resources/3d/engine/editor/assets/tools/debug-view-runtime-control.ts as cce:/internal/x/cc.
09:46:17 debug: Target(editor) ends with cost 223.7996999999741ms.
09:46:17 debug: Target(preview) build started.
09:46:17 debug: Detected change: cce:/internal/x/cc. Last mtime: Thu Jan 01 1970 08:00:08 GMT+0800 (中国标准时间), Current mtime: Thu Jan 01 1970 08:00:11 GMT+0800 (中国标准时间)
09:46:17 debug: Inspect cce:/internal/x/cc
09:46:17 debug: Resolve cce:/internal/x/cc-fu/2d from cce:/internal/x/cc as external dependency cce:/internal/x/cc-fu/2d.
09:46:17 debug: Resolve cce:/internal/x/cc-fu/sorting from cce:/internal/x/cc as external dependency cce:/internal/x/cc-fu/sorting.
09:46:17 debug: Resolve cce:/internal/x/cc-fu/animation from cce:/internal/x/cc as external dependency cce:/internal/x/cc-fu/animation.
09:46:17 debug: Resolve cce:/internal/x/cc-fu/audio from cce:/internal/x/cc as external dependency cce:/internal/x/cc-fu/audio.
09:46:17 debug: Resolve cce:/internal/x/cc-fu/base from cce:/internal/x/cc as external dependency cce:/internal/x/cc-fu/base.
09:46:17 debug: Resolve cce:/internal/x/cc-fu/custom-pipeline from cce:/internal/x/cc as external dependency cce:/internal/x/cc-fu/custom-pipeline.
09:46:17 debug: Resolve cce:/internal/x/cc-fu/dragon-bones from cce:/internal/x/cc as external dependency cce:/internal/x/cc-fu/dragon-bones.
09:46:17 debug: Resolve cce:/internal/x/cc-fu/gfx-webgl from cce:/internal/x/cc as external dependency cce:/internal/x/cc-fu/gfx-webgl.
09:46:17 debug: Resolve cce:/internal/x/cc-fu/gfx-webgl2 from cce:/internal/x/cc as external dependency cce:/internal/x/cc-fu/gfx-webgl2.
09:46:17 debug: Resolve cce:/internal/x/cc-fu/intersection-2d from cce:/internal/x/cc as external dependency cce:/internal/x/cc-fu/intersection-2d.
09:46:17 debug: Resolve cce:/internal/x/cc-fu/particle-2d from cce:/internal/x/cc as external dependency cce:/internal/x/cc-fu/particle-2d.
09:46:17 debug: Resolve cce:/internal/x/cc-fu/physics-2d-box2d from cce:/internal/x/cc as external dependency cce:/internal/x/cc-fu/physics-2d-box2d.
09:46:17 debug: Resolve cce:/internal/x/cc-fu/physics-2d-framework from cce:/internal/x/cc as external dependency cce:/internal/x/cc-fu/physics-2d-framework.
09:46:17 debug: Resolve cce:/internal/x/cc-fu/profiler from cce:/internal/x/cc as external dependency cce:/internal/x/cc-fu/profiler.
09:46:17 debug: Resolve cce:/internal/x/cc-fu/spine from cce:/internal/x/cc as external dependency cce:/internal/x/cc-fu/spine.
09:46:17 debug: Resolve cce:/internal/x/cc-fu/tiled-map from cce:/internal/x/cc as external dependency cce:/internal/x/cc-fu/tiled-map.
09:46:17 debug: Resolve cce:/internal/x/cc-fu/tween from cce:/internal/x/cc as external dependency cce:/internal/x/cc-fu/tween.
09:46:17 debug: Resolve cce:/internal/x/cc-fu/ui from cce:/internal/x/cc as external dependency cce:/internal/x/cc-fu/ui.
09:46:17 debug: Resolve cce:/internal/x/cc-fu/video from cce:/internal/x/cc as external dependency cce:/internal/x/cc-fu/video.
09:46:17 debug: Resolve cce:/internal/x/cc-fu/webview from cce:/internal/x/cc as external dependency cce:/internal/x/cc-fu/webview.
09:46:17 debug: Detected change: cce:/internal/x/prerequisite-imports. Last mtime: Thu Jan 01 1970 08:00:10 GMT+0800 (中国标准时间), Current mtime: Thu Jan 01 1970 08:00:11 GMT+0800 (中国标准时间)
09:46:17 debug: Inspect cce:/internal/x/prerequisite-imports
09:46:17 debug: Resolve file:///D:/program/cocos/Cocos_demo2/FlappyBird/assets/scripts/AudioMgr.ts from cce:/internal/x/prerequisite-imports as file:///D:/program/cocos/Cocos_demo2/FlappyBird/assets/scripts/AudioMgr.ts.
09:46:17 debug: Resolve cc from file:///D:/program/cocos/Cocos_demo2/FlappyBird/assets/scripts/AudioMgr.ts as cce:/internal/x/cc.
09:46:17 debug: Resolve cc from file:///D:/program/cocos/Cocos_demo2/FlappyBird/assets/scripts/AudioMgr.ts as cce:/internal/x/cc.
09:46:17 debug: Resolve cc from file:///D:/program/cocos/Cocos_demo2/FlappyBird/assets/scripts/AudioMgr.ts as cce:/internal/x/cc.
09:46:17 debug: Resolve file:///D:/program/cocos/Cocos_demo2/FlappyBird/assets/scripts/Bird.ts from cce:/internal/x/prerequisite-imports as file:///D:/program/cocos/Cocos_demo2/FlappyBird/assets/scripts/Bird.ts.
09:46:17 debug: Resolve cce:/internal/code-quality/cr.mjs from file:///D:/program/cocos/Cocos_demo2/FlappyBird/assets/scripts/Bird.ts as cce:/internal/code-quality/cr.mjs.
09:46:17 debug: Detected change: cce:/internal/code-quality/cr.mjs. Last mtime: Tue Nov 26 2024 15:06:08 GMT+0800 (中国标准时间), Current mtime: Wed Nov 27 2024 09:46:06 GMT+0800 (中国标准时间)
09:46:17 debug: Inspect cce:/internal/code-quality/cr.mjs
09:46:17 debug: Resolve cc from file:///D:/program/cocos/Cocos_demo2/FlappyBird/assets/scripts/Bird.ts as cce:/internal/x/cc.
09:46:17 debug: Resolve cc from file:///D:/program/cocos/Cocos_demo2/FlappyBird/assets/scripts/Bird.ts as cce:/internal/x/cc.
09:46:17 debug: Resolve cc from file:///D:/program/cocos/Cocos_demo2/FlappyBird/assets/scripts/Bird.ts as cce:/internal/x/cc.
09:46:17 debug: Resolve ./Tags from file:///D:/program/cocos/Cocos_demo2/FlappyBird/assets/scripts/Bird.ts as file:///D:/program/cocos/Cocos_demo2/FlappyBird/assets/scripts/Tags.ts.
09:46:17 debug: Resolve cc from file:///D:/program/cocos/Cocos_demo2/FlappyBird/assets/scripts/Tags.ts as cce:/internal/x/cc.
09:46:17 debug: Resolve cc from file:///D:/program/cocos/Cocos_demo2/FlappyBird/assets/scripts/Tags.ts as cce:/internal/x/cc.
09:46:17 debug: Resolve cc from file:///D:/program/cocos/Cocos_demo2/FlappyBird/assets/scripts/Tags.ts as cce:/internal/x/cc.
09:46:17 debug: Resolve ./GameManager from file:///D:/program/cocos/Cocos_demo2/FlappyBird/assets/scripts/Bird.ts as file:///D:/program/cocos/Cocos_demo2/FlappyBird/assets/scripts/GameManager.ts.
09:46:17 debug: Resolve cce:/internal/code-quality/cr.mjs from file:///D:/program/cocos/Cocos_demo2/FlappyBird/assets/scripts/GameManager.ts as cce:/internal/code-quality/cr.mjs.
09:46:17 debug: Resolve cc from file:///D:/program/cocos/Cocos_demo2/FlappyBird/assets/scripts/GameManager.ts as cce:/internal/x/cc.
09:46:17 debug: Resolve cc from file:///D:/program/cocos/Cocos_demo2/FlappyBird/assets/scripts/GameManager.ts as cce:/internal/x/cc.
09:46:17 debug: Resolve cc from file:///D:/program/cocos/Cocos_demo2/FlappyBird/assets/scripts/GameManager.ts as cce:/internal/x/cc.
09:46:17 debug: Resolve ./Bird from file:///D:/program/cocos/Cocos_demo2/FlappyBird/assets/scripts/GameManager.ts as file:///D:/program/cocos/Cocos_demo2/FlappyBird/assets/scripts/Bird.ts.
09:46:17 debug: Resolve ./MoveBg from file:///D:/program/cocos/Cocos_demo2/FlappyBird/assets/scripts/GameManager.ts as file:///D:/program/cocos/Cocos_demo2/FlappyBird/assets/scripts/MoveBg.ts.
09:46:17 debug: Resolve cce:/internal/code-quality/cr.mjs from file:///D:/program/cocos/Cocos_demo2/FlappyBird/assets/scripts/MoveBg.ts as cce:/internal/code-quality/cr.mjs.
09:46:17 debug: Resolve cc from file:///D:/program/cocos/Cocos_demo2/FlappyBird/assets/scripts/MoveBg.ts as cce:/internal/x/cc.
09:46:17 debug: Resolve cc from file:///D:/program/cocos/Cocos_demo2/FlappyBird/assets/scripts/MoveBg.ts as cce:/internal/x/cc.
09:46:17 debug: Resolve cc from file:///D:/program/cocos/Cocos_demo2/FlappyBird/assets/scripts/MoveBg.ts as cce:/internal/x/cc.
09:46:17 debug: Resolve ./GameManager from file:///D:/program/cocos/Cocos_demo2/FlappyBird/assets/scripts/MoveBg.ts as file:///D:/program/cocos/Cocos_demo2/FlappyBird/assets/scripts/GameManager.ts.
09:46:17 debug: Resolve ./PipeSpawner from file:///D:/program/cocos/Cocos_demo2/FlappyBird/assets/scripts/GameManager.ts as file:///D:/program/cocos/Cocos_demo2/FlappyBird/assets/scripts/PipeSpawner.ts.
09:46:17 debug: Resolve cce:/internal/code-quality/cr.mjs from file:///D:/program/cocos/Cocos_demo2/FlappyBird/assets/scripts/PipeSpawner.ts as cce:/internal/code-quality/cr.mjs.
09:46:17 debug: Resolve cc from file:///D:/program/cocos/Cocos_demo2/FlappyBird/assets/scripts/PipeSpawner.ts as cce:/internal/x/cc.
09:46:17 debug: Resolve cc from file:///D:/program/cocos/Cocos_demo2/FlappyBird/assets/scripts/PipeSpawner.ts as cce:/internal/x/cc.
09:46:17 debug: Resolve cc from file:///D:/program/cocos/Cocos_demo2/FlappyBird/assets/scripts/PipeSpawner.ts as cce:/internal/x/cc.
09:46:17 debug: Resolve ./Pipe from file:///D:/program/cocos/Cocos_demo2/FlappyBird/assets/scripts/PipeSpawner.ts as file:///D:/program/cocos/Cocos_demo2/FlappyBird/assets/scripts/Pipe.ts.
09:46:17 debug: Resolve cce:/internal/code-quality/cr.mjs from file:///D:/program/cocos/Cocos_demo2/FlappyBird/assets/scripts/Pipe.ts as cce:/internal/code-quality/cr.mjs.
09:46:17 debug: Resolve cc from file:///D:/program/cocos/Cocos_demo2/FlappyBird/assets/scripts/Pipe.ts as cce:/internal/x/cc.
09:46:17 debug: Resolve cc from file:///D:/program/cocos/Cocos_demo2/FlappyBird/assets/scripts/Pipe.ts as cce:/internal/x/cc.
09:46:17 debug: Resolve cc from file:///D:/program/cocos/Cocos_demo2/FlappyBird/assets/scripts/Pipe.ts as cce:/internal/x/cc.
09:46:17 debug: Resolve ./GameManager from file:///D:/program/cocos/Cocos_demo2/FlappyBird/assets/scripts/Pipe.ts as file:///D:/program/cocos/Cocos_demo2/FlappyBird/assets/scripts/GameManager.ts.
09:46:17 debug: Resolve ./UI/GameReadyUI from file:///D:/program/cocos/Cocos_demo2/FlappyBird/assets/scripts/GameManager.ts as file:///D:/program/cocos/Cocos_demo2/FlappyBird/assets/scripts/UI/GameReadyUI.ts.
09:46:17 debug: Resolve cce:/internal/code-quality/cr.mjs from file:///D:/program/cocos/Cocos_demo2/FlappyBird/assets/scripts/UI/GameReadyUI.ts as cce:/internal/code-quality/cr.mjs.
09:46:17 debug: Resolve cc from file:///D:/program/cocos/Cocos_demo2/FlappyBird/assets/scripts/UI/GameReadyUI.ts as cce:/internal/x/cc.
09:46:17 debug: Resolve cc from file:///D:/program/cocos/Cocos_demo2/FlappyBird/assets/scripts/UI/GameReadyUI.ts as cce:/internal/x/cc.
09:46:17 debug: Resolve cc from file:///D:/program/cocos/Cocos_demo2/FlappyBird/assets/scripts/UI/GameReadyUI.ts as cce:/internal/x/cc.
09:46:17 debug: Resolve ../GameManager from file:///D:/program/cocos/Cocos_demo2/FlappyBird/assets/scripts/UI/GameReadyUI.ts as file:///D:/program/cocos/Cocos_demo2/FlappyBird/assets/scripts/GameManager.ts.
09:46:17 debug: Resolve ./GameData from file:///D:/program/cocos/Cocos_demo2/FlappyBird/assets/scripts/GameManager.ts as file:///D:/program/cocos/Cocos_demo2/FlappyBird/assets/scripts/GameData.ts.
09:46:17 debug: Resolve cc from file:///D:/program/cocos/Cocos_demo2/FlappyBird/assets/scripts/GameData.ts as cce:/internal/x/cc.
09:46:17 debug: Resolve cc from file:///D:/program/cocos/Cocos_demo2/FlappyBird/assets/scripts/GameData.ts as cce:/internal/x/cc.
09:46:17 debug: Resolve cc from file:///D:/program/cocos/Cocos_demo2/FlappyBird/assets/scripts/GameData.ts as cce:/internal/x/cc.
09:46:17 debug: Resolve ./UI/GameOverUI from file:///D:/program/cocos/Cocos_demo2/FlappyBird/assets/scripts/GameManager.ts as file:///D:/program/cocos/Cocos_demo2/FlappyBird/assets/scripts/UI/GameOverUI.ts.
09:46:17 debug: Resolve cc from file:///D:/program/cocos/Cocos_demo2/FlappyBird/assets/scripts/UI/GameOverUI.ts as cce:/internal/x/cc.
09:46:17 debug: Resolve cc from file:///D:/program/cocos/Cocos_demo2/FlappyBird/assets/scripts/UI/GameOverUI.ts as cce:/internal/x/cc.
09:46:17 debug: Resolve cc from file:///D:/program/cocos/Cocos_demo2/FlappyBird/assets/scripts/UI/GameOverUI.ts as cce:/internal/x/cc.
09:46:17 debug: Resolve ./AudioMgr from file:///D:/program/cocos/Cocos_demo2/FlappyBird/assets/scripts/GameManager.ts as file:///D:/program/cocos/Cocos_demo2/FlappyBird/assets/scripts/AudioMgr.ts.
09:46:17 debug: Resolve ./AudioMgr from file:///D:/program/cocos/Cocos_demo2/FlappyBird/assets/scripts/Bird.ts as file:///D:/program/cocos/Cocos_demo2/FlappyBird/assets/scripts/AudioMgr.ts.
09:46:17 debug: Resolve file:///D:/program/cocos/Cocos_demo2/FlappyBird/assets/scripts/GameData.ts from cce:/internal/x/prerequisite-imports as file:///D:/program/cocos/Cocos_demo2/FlappyBird/assets/scripts/GameData.ts.
09:46:17 debug: Resolve file:///D:/program/cocos/Cocos_demo2/FlappyBird/assets/scripts/GameManager.ts from cce:/internal/x/prerequisite-imports as file:///D:/program/cocos/Cocos_demo2/FlappyBird/assets/scripts/GameManager.ts.
09:46:17 debug: Resolve file:///D:/program/cocos/Cocos_demo2/FlappyBird/assets/scripts/MoveBg.ts from cce:/internal/x/prerequisite-imports as file:///D:/program/cocos/Cocos_demo2/FlappyBird/assets/scripts/MoveBg.ts.
09:46:17 debug: Resolve file:///D:/program/cocos/Cocos_demo2/FlappyBird/assets/scripts/Pipe.ts from cce:/internal/x/prerequisite-imports as file:///D:/program/cocos/Cocos_demo2/FlappyBird/assets/scripts/Pipe.ts.
09:46:17 debug: Resolve file:///D:/program/cocos/Cocos_demo2/FlappyBird/assets/scripts/PipeSpawner.ts from cce:/internal/x/prerequisite-imports as file:///D:/program/cocos/Cocos_demo2/FlappyBird/assets/scripts/PipeSpawner.ts.
09:46:17 debug: Resolve file:///D:/program/cocos/Cocos_demo2/FlappyBird/assets/scripts/Tags.ts from cce:/internal/x/prerequisite-imports as file:///D:/program/cocos/Cocos_demo2/FlappyBird/assets/scripts/Tags.ts.
09:46:17 debug: Resolve file:///D:/program/cocos/Cocos_demo2/FlappyBird/assets/scripts/UI/GameOverUI.ts from cce:/internal/x/prerequisite-imports as file:///D:/program/cocos/Cocos_demo2/FlappyBird/assets/scripts/UI/GameOverUI.ts.
09:46:17 debug: Resolve file:///D:/program/cocos/Cocos_demo2/FlappyBird/assets/scripts/UI/GameReadyUI.ts from cce:/internal/x/prerequisite-imports as file:///D:/program/cocos/Cocos_demo2/FlappyBird/assets/scripts/UI/GameReadyUI.ts.
09:46:17 debug: Resolve file:///D:/program/cocos/editors/Creator/3.8.4/resources/resources/3d/engine/editor/assets/default_renderpipeline/builtin-pipeline-settings.ts from cce:/internal/x/prerequisite-imports as file:///D:/program/cocos/editors/Creator/3.8.4/resources/resources/3d/engine/editor/assets/default_renderpipeline/builtin-pipeline-settings.ts.
09:46:17 debug: Resolve cce:/internal/code-quality/cr.mjs from file:///D:/program/cocos/editors/Creator/3.8.4/resources/resources/3d/engine/editor/assets/default_renderpipeline/builtin-pipeline-settings.ts as cce:/internal/code-quality/cr.mjs.
09:46:17 debug: Resolve cc from file:///D:/program/cocos/editors/Creator/3.8.4/resources/resources/3d/engine/editor/assets/default_renderpipeline/builtin-pipeline-settings.ts as cce:/internal/x/cc.
09:46:17 debug: Resolve cc from file:///D:/program/cocos/editors/Creator/3.8.4/resources/resources/3d/engine/editor/assets/default_renderpipeline/builtin-pipeline-settings.ts as cce:/internal/x/cc.
09:46:17 debug: Resolve cc from file:///D:/program/cocos/editors/Creator/3.8.4/resources/resources/3d/engine/editor/assets/default_renderpipeline/builtin-pipeline-settings.ts as cce:/internal/x/cc.
09:46:17 debug: Resolve cc/env from file:///D:/program/cocos/editors/Creator/3.8.4/resources/resources/3d/engine/editor/assets/default_renderpipeline/builtin-pipeline-settings.ts as external dependency cc/env.
09:46:17 debug: Resolve ./builtin-pipeline-types from file:///D:/program/cocos/editors/Creator/3.8.4/resources/resources/3d/engine/editor/assets/default_renderpipeline/builtin-pipeline-settings.ts as file:///D:/program/cocos/editors/Creator/3.8.4/resources/resources/3d/engine/editor/assets/default_renderpipeline/builtin-pipeline-types.ts.
09:46:17 debug: Resolve cc from file:///D:/program/cocos/editors/Creator/3.8.4/resources/resources/3d/engine/editor/assets/default_renderpipeline/builtin-pipeline-types.ts as cce:/internal/x/cc.
09:46:17 debug: Resolve cc from file:///D:/program/cocos/editors/Creator/3.8.4/resources/resources/3d/engine/editor/assets/default_renderpipeline/builtin-pipeline-types.ts as cce:/internal/x/cc.
09:46:17 debug: Resolve cc from file:///D:/program/cocos/editors/Creator/3.8.4/resources/resources/3d/engine/editor/assets/default_renderpipeline/builtin-pipeline-types.ts as cce:/internal/x/cc.
09:46:17 debug: Resolve file:///D:/program/cocos/editors/Creator/3.8.4/resources/resources/3d/engine/editor/assets/default_renderpipeline/builtin-pipeline-types.ts from cce:/internal/x/prerequisite-imports as file:///D:/program/cocos/editors/Creator/3.8.4/resources/resources/3d/engine/editor/assets/default_renderpipeline/builtin-pipeline-types.ts.
09:46:17 debug: Resolve file:///D:/program/cocos/editors/Creator/3.8.4/resources/resources/3d/engine/editor/assets/default_renderpipeline/builtin-pipeline.ts from cce:/internal/x/prerequisite-imports as file:///D:/program/cocos/editors/Creator/3.8.4/resources/resources/3d/engine/editor/assets/default_renderpipeline/builtin-pipeline.ts.
09:46:17 debug: Resolve cce:/internal/code-quality/cr.mjs from file:///D:/program/cocos/editors/Creator/3.8.4/resources/resources/3d/engine/editor/assets/default_renderpipeline/builtin-pipeline.ts as cce:/internal/code-quality/cr.mjs.
09:46:17 debug: Resolve cc from file:///D:/program/cocos/editors/Creator/3.8.4/resources/resources/3d/engine/editor/assets/default_renderpipeline/builtin-pipeline.ts as cce:/internal/x/cc.
09:46:17 debug: Resolve cc from file:///D:/program/cocos/editors/Creator/3.8.4/resources/resources/3d/engine/editor/assets/default_renderpipeline/builtin-pipeline.ts as cce:/internal/x/cc.
09:46:17 debug: Resolve cc/env from file:///D:/program/cocos/editors/Creator/3.8.4/resources/resources/3d/engine/editor/assets/default_renderpipeline/builtin-pipeline.ts as external dependency cc/env.
09:46:17 debug: Resolve cc from file:///D:/program/cocos/editors/Creator/3.8.4/resources/resources/3d/engine/editor/assets/default_renderpipeline/builtin-pipeline.ts as cce:/internal/x/cc.
09:46:17 debug: Resolve ./builtin-pipeline-types from file:///D:/program/cocos/editors/Creator/3.8.4/resources/resources/3d/engine/editor/assets/default_renderpipeline/builtin-pipeline.ts as file:///D:/program/cocos/editors/Creator/3.8.4/resources/resources/3d/engine/editor/assets/default_renderpipeline/builtin-pipeline-types.ts.
09:46:17 debug: Resolve file:///D:/program/cocos/editors/Creator/3.8.4/resources/resources/3d/engine/editor/assets/tools/debug-view-runtime-control.ts from cce:/internal/x/prerequisite-imports as file:///D:/program/cocos/editors/Creator/3.8.4/resources/resources/3d/engine/editor/assets/tools/debug-view-runtime-control.ts.
09:46:17 debug: Resolve cc from file:///D:/program/cocos/editors/Creator/3.8.4/resources/resources/3d/engine/editor/assets/tools/debug-view-runtime-control.ts as cce:/internal/x/cc.
09:46:17 debug: Resolve cc from file:///D:/program/cocos/editors/Creator/3.8.4/resources/resources/3d/engine/editor/assets/tools/debug-view-runtime-control.ts as cce:/internal/x/cc.
09:46:17 debug: Resolve cc from file:///D:/program/cocos/editors/Creator/3.8.4/resources/resources/3d/engine/editor/assets/tools/debug-view-runtime-control.ts as cce:/internal/x/cc.
09:46:17 debug: Target(preview) ends with cost 137.6015999999945ms.
09:46:18 debug: Pulling asset-db.
09:46:19 debug: Fetch asset-db cost: 787.1505999999936ms.
09:46:19 debug: Build iteration starts.
Number of accumulated asset changes: 14
Feature changed: false
09:46:19 debug: Target(editor) build started.
09:46:19 debug: Detected change: cce:/internal/x/prerequisite-imports. Last mtime: Thu Jan 01 1970 08:00:11 GMT+0800 (中国标准时间), Current mtime: Thu Jan 01 1970 08:00:13 GMT+0800 (中国标准时间)
09:46:19 debug: Inspect cce:/internal/x/prerequisite-imports
09:46:19 debug: Resolve file:///D:/program/cocos/Cocos_demo2/FlappyBird/assets/scripts/AudioMgr.ts from cce:/internal/x/prerequisite-imports as file:///D:/program/cocos/Cocos_demo2/FlappyBird/assets/scripts/AudioMgr.ts.
09:46:19 debug: Resolve file:///D:/program/cocos/Cocos_demo2/FlappyBird/assets/scripts/Bird.ts from cce:/internal/x/prerequisite-imports as file:///D:/program/cocos/Cocos_demo2/FlappyBird/assets/scripts/Bird.ts.
09:46:19 debug: Resolve file:///D:/program/cocos/Cocos_demo2/FlappyBird/assets/scripts/GameData.ts from cce:/internal/x/prerequisite-imports as file:///D:/program/cocos/Cocos_demo2/FlappyBird/assets/scripts/GameData.ts.
09:46:19 debug: Resolve file:///D:/program/cocos/Cocos_demo2/FlappyBird/assets/scripts/GameManager.ts from cce:/internal/x/prerequisite-imports as file:///D:/program/cocos/Cocos_demo2/FlappyBird/assets/scripts/GameManager.ts.
09:46:19 debug: Resolve file:///D:/program/cocos/Cocos_demo2/FlappyBird/assets/scripts/MoveBg.ts from cce:/internal/x/prerequisite-imports as file:///D:/program/cocos/Cocos_demo2/FlappyBird/assets/scripts/MoveBg.ts.
09:46:19 debug: Resolve file:///D:/program/cocos/Cocos_demo2/FlappyBird/assets/scripts/Pipe.ts from cce:/internal/x/prerequisite-imports as file:///D:/program/cocos/Cocos_demo2/FlappyBird/assets/scripts/Pipe.ts.
09:46:19 debug: Resolve file:///D:/program/cocos/Cocos_demo2/FlappyBird/assets/scripts/PipeSpawner.ts from cce:/internal/x/prerequisite-imports as file:///D:/program/cocos/Cocos_demo2/FlappyBird/assets/scripts/PipeSpawner.ts.
09:46:19 debug: Resolve file:///D:/program/cocos/Cocos_demo2/FlappyBird/assets/scripts/Tags.ts from cce:/internal/x/prerequisite-imports as file:///D:/program/cocos/Cocos_demo2/FlappyBird/assets/scripts/Tags.ts.
09:46:19 debug: Resolve file:///D:/program/cocos/Cocos_demo2/FlappyBird/assets/scripts/UI/GameOverUI.ts from cce:/internal/x/prerequisite-imports as file:///D:/program/cocos/Cocos_demo2/FlappyBird/assets/scripts/UI/GameOverUI.ts.
09:46:19 debug: Resolve file:///D:/program/cocos/Cocos_demo2/FlappyBird/assets/scripts/UI/GameReadyUI.ts from cce:/internal/x/prerequisite-imports as file:///D:/program/cocos/Cocos_demo2/FlappyBird/assets/scripts/UI/GameReadyUI.ts.
09:46:19 debug: Resolve file:///D:/program/cocos/editors/Creator/3.8.4/resources/resources/3d/engine/editor/assets/default_renderpipeline/builtin-pipeline-settings.ts from cce:/internal/x/prerequisite-imports as file:///D:/program/cocos/editors/Creator/3.8.4/resources/resources/3d/engine/editor/assets/default_renderpipeline/builtin-pipeline-settings.ts.
09:46:19 debug: Resolve file:///D:/program/cocos/editors/Creator/3.8.4/resources/resources/3d/engine/editor/assets/default_renderpipeline/builtin-pipeline-types.ts from cce:/internal/x/prerequisite-imports as file:///D:/program/cocos/editors/Creator/3.8.4/resources/resources/3d/engine/editor/assets/default_renderpipeline/builtin-pipeline-types.ts.
09:46:19 debug: Resolve file:///D:/program/cocos/editors/Creator/3.8.4/resources/resources/3d/engine/editor/assets/default_renderpipeline/builtin-pipeline.ts from cce:/internal/x/prerequisite-imports as file:///D:/program/cocos/editors/Creator/3.8.4/resources/resources/3d/engine/editor/assets/default_renderpipeline/builtin-pipeline.ts.
09:46:19 debug: Resolve file:///D:/program/cocos/editors/Creator/3.8.4/resources/resources/3d/engine/editor/assets/tools/debug-view-runtime-control.ts from cce:/internal/x/prerequisite-imports as file:///D:/program/cocos/editors/Creator/3.8.4/resources/resources/3d/engine/editor/assets/tools/debug-view-runtime-control.ts.
09:46:19 debug: Target(editor) ends with cost 61.055300000007264ms.
09:46:19 debug: Target(preview) build started.
09:46:19 debug: Detected change: cce:/internal/x/prerequisite-imports. Last mtime: Thu Jan 01 1970 08:00:11 GMT+0800 (中国标准时间), Current mtime: Thu Jan 01 1970 08:00:13 GMT+0800 (中国标准时间)
09:46:19 debug: Inspect cce:/internal/x/prerequisite-imports
09:46:19 debug: Resolve file:///D:/program/cocos/Cocos_demo2/FlappyBird/assets/scripts/AudioMgr.ts from cce:/internal/x/prerequisite-imports as file:///D:/program/cocos/Cocos_demo2/FlappyBird/assets/scripts/AudioMgr.ts.
09:46:19 debug: Resolve file:///D:/program/cocos/Cocos_demo2/FlappyBird/assets/scripts/Bird.ts from cce:/internal/x/prerequisite-imports as file:///D:/program/cocos/Cocos_demo2/FlappyBird/assets/scripts/Bird.ts.
09:46:19 debug: Resolve file:///D:/program/cocos/Cocos_demo2/FlappyBird/assets/scripts/GameData.ts from cce:/internal/x/prerequisite-imports as file:///D:/program/cocos/Cocos_demo2/FlappyBird/assets/scripts/GameData.ts.
09:46:19 debug: Resolve file:///D:/program/cocos/Cocos_demo2/FlappyBird/assets/scripts/GameManager.ts from cce:/internal/x/prerequisite-imports as file:///D:/program/cocos/Cocos_demo2/FlappyBird/assets/scripts/GameManager.ts.
09:46:19 debug: Resolve file:///D:/program/cocos/Cocos_demo2/FlappyBird/assets/scripts/MoveBg.ts from cce:/internal/x/prerequisite-imports as file:///D:/program/cocos/Cocos_demo2/FlappyBird/assets/scripts/MoveBg.ts.
09:46:19 debug: Resolve file:///D:/program/cocos/Cocos_demo2/FlappyBird/assets/scripts/Pipe.ts from cce:/internal/x/prerequisite-imports as file:///D:/program/cocos/Cocos_demo2/FlappyBird/assets/scripts/Pipe.ts.
09:46:19 debug: Resolve file:///D:/program/cocos/Cocos_demo2/FlappyBird/assets/scripts/PipeSpawner.ts from cce:/internal/x/prerequisite-imports as file:///D:/program/cocos/Cocos_demo2/FlappyBird/assets/scripts/PipeSpawner.ts.
09:46:19 debug: Resolve file:///D:/program/cocos/Cocos_demo2/FlappyBird/assets/scripts/Tags.ts from cce:/internal/x/prerequisite-imports as file:///D:/program/cocos/Cocos_demo2/FlappyBird/assets/scripts/Tags.ts.
09:46:19 debug: Resolve file:///D:/program/cocos/Cocos_demo2/FlappyBird/assets/scripts/UI/GameOverUI.ts from cce:/internal/x/prerequisite-imports as file:///D:/program/cocos/Cocos_demo2/FlappyBird/assets/scripts/UI/GameOverUI.ts.
09:46:19 debug: Resolve file:///D:/program/cocos/Cocos_demo2/FlappyBird/assets/scripts/UI/GameReadyUI.ts from cce:/internal/x/prerequisite-imports as file:///D:/program/cocos/Cocos_demo2/FlappyBird/assets/scripts/UI/GameReadyUI.ts.
09:46:19 debug: Resolve file:///D:/program/cocos/editors/Creator/3.8.4/resources/resources/3d/engine/editor/assets/default_renderpipeline/builtin-pipeline-settings.ts from cce:/internal/x/prerequisite-imports as file:///D:/program/cocos/editors/Creator/3.8.4/resources/resources/3d/engine/editor/assets/default_renderpipeline/builtin-pipeline-settings.ts.
09:46:19 debug: Resolve file:///D:/program/cocos/editors/Creator/3.8.4/resources/resources/3d/engine/editor/assets/default_renderpipeline/builtin-pipeline-types.ts from cce:/internal/x/prerequisite-imports as file:///D:/program/cocos/editors/Creator/3.8.4/resources/resources/3d/engine/editor/assets/default_renderpipeline/builtin-pipeline-types.ts.
09:46:19 debug: Resolve file:///D:/program/cocos/editors/Creator/3.8.4/resources/resources/3d/engine/editor/assets/default_renderpipeline/builtin-pipeline.ts from cce:/internal/x/prerequisite-imports as file:///D:/program/cocos/editors/Creator/3.8.4/resources/resources/3d/engine/editor/assets/default_renderpipeline/builtin-pipeline.ts.
09:46:19 debug: Resolve file:///D:/program/cocos/editors/Creator/3.8.4/resources/resources/3d/engine/editor/assets/tools/debug-view-runtime-control.ts from cce:/internal/x/prerequisite-imports as file:///D:/program/cocos/editors/Creator/3.8.4/resources/resources/3d/engine/editor/assets/tools/debug-view-runtime-control.ts.
09:46:19 debug: Target(preview) ends with cost 152.62839999998687ms.
